1667657881276	geckodriver	INFO	Listening on 127.0.0.1:36725
1667657881823	mozrunner::runner	INFO	Running command: "/usr/bin/firefox" "--marionette" "--remote-debugging-port" "59311" "--remote-allow-hosts" "localhost" "-no-remote" "-profile" "/tmp/rust_mozprofileUf6yeB"
[GFX1-]: glxtest: VA-API test failed: failed to initialise VAAPI connection.
ATTENTION: default value of option mesa_glthread overridden by environment.
ATTENTION: default value of option mesa_glthread overridden by environment.
ATTENTION: default value of option mesa_glthread overridden by environment.
ATTENTION: default value of option mesa_glthread overridden by environment.
1667657882227	Marionette	INFO	Marionette enabled
1667657882230	Marionette	INFO	Listening on port 46625
WebDriver BiDi listening on ws://127.0.0.1:59311
Read port: 46625
1667657882389	RemoteAgent	WARN	TLS certificate errors will be ignored for this session
console.warn: SearchSettings: "get: No settings file exists, new profile?" (new NotFoundError("Could not open the file at /tmp/rust_mozprofileUf6yeB/search.json.mozlz4", (void 0)))
DevTools listening on ws://127.0.0.1:59311/devtools/browser/9d0f7581-15f4-491e-8fce-5f53dda7ca78
JavaScript error: resource://gre/modules/URIFixup.jsm, line 307: NS_ERROR_FAILURE: Should pass a non-null uri
1667657931214	Marionette	INFO	Stopped listening on port 46625
console.warn: TopSitesFeed: Failed to fetch data from Contile server: NetworkError when attempting to fetch resource.
Sandbox: Unexpected EOF, op 0 flags 00 path /proc/cpuinfo
1667657950903	geckodriver	INFO	Listening on 127.0.0.1:60105
1667657951443	mozrunner::runner	INFO	Running command: "/usr/bin/firefox" "--marionette" "--remote-debugging-port" "40125" "--remote-allow-hosts" "localhost" "-no-remote" "-profile" "/tmp/rust_mozprofileQg9H67"
[GFX1-]: glxtest: VA-API test failed: failed to initialise VAAPI connection.
ATTENTION: default value of option mesa_glthread overridden by environment.
ATTENTION: default value of option mesa_glthread overridden by environment.
ATTENTION: default value of option mesa_glthread overridden by environment.
ATTENTION: default value of option mesa_glthread overridden by environment.
1667657951826	Marionette	INFO	Marionette enabled
1667657951828	Marionette	INFO	Listening on port 40987
Read port: 40987
WebDriver BiDi listening on ws://127.0.0.1:40125
1667657951891	RemoteAgent	WARN	TLS certificate errors will be ignored for this session
console.warn: SearchSettings: "get: No settings file exists, new profile?" (new NotFoundError("Could not open the file at /tmp/rust_mozprofileQg9H67/search.json.mozlz4", (void 0)))
DevTools listening on ws://127.0.0.1:40125/devtools/browser/7f019a8d-4d09-4cca-801d-989c8b978b77
JavaScript error: resource://gre/modules/URIFixup.jsm, line 307: NS_ERROR_FAILURE: Should pass a non-null uri
1667658017159	Marionette	INFO	Stopped listening on port 40987
console.warn: TopSitesFeed: Failed to fetch data from Contile server: NetworkError when attempting to fetch resource.
Sandbox: Unexpected EOF, op 0 flags 00 path /proc/cpuinfo
1667674766268	geckodriver	INFO	Listening on 127.0.0.1:43273
1667674766818	mozrunner::runner	INFO	Running command: "/usr/bin/firefox" "--marionette" "--remote-debugging-port" "39997" "--remote-allow-hosts" "localhost" "-no-remote" "-profile" "/tmp/rust_mozprofileQhmWca"
[GFX1-]: glxtest: VA-API test failed: failed to initialise VAAPI connection.
ATTENTION: default value of option mesa_glthread overridden by environment.
ATTENTION: default value of option mesa_glthread overridden by environment.
ATTENTION: default value of option mesa_glthread overridden by environment.
ATTENTION: default value of option mesa_glthread overridden by environment.
1667674767216	Marionette	INFO	Marionette enabled
1667674767218	Marionette	INFO	Listening on port 43411
Read port: 43411
WebDriver BiDi listening on ws://127.0.0.1:39997
1667674767281	RemoteAgent	WARN	TLS certificate errors will be ignored for this session
console.warn: SearchSettings: "get: No settings file exists, new profile?" (new NotFoundError("Could not open the file at /tmp/rust_mozprofileQhmWca/search.json.mozlz4", (void 0)))
DevTools listening on ws://127.0.0.1:39997/devtools/browser/f283ba29-9250-4bd3-b82e-a35286082c5e
JavaScript error: resource://gre/modules/URIFixup.jsm, line 307: NS_ERROR_FAILURE: Should pass a non-null uri
console.warn: LoginRecipes: "Falling back to a synchronous message for: https://www.google.com."
1667674843172	geckodriver	INFO	Listening on 127.0.0.1:59835
1667674843754	mozrunner::runner	INFO	Running command: "/usr/bin/firefox" "--marionette" "--remote-debugging-port" "49373" "--remote-allow-hosts" "localhost" "-no-remote" "-profile" "/tmp/rust_mozprofileG4csWd"
[GFX1-]: glxtest: VA-API test failed: failed to initialise VAAPI connection.
ATTENTION: default value of option mesa_glthread overridden by environment.
ATTENTION: default value of option mesa_glthread overridden by environment.
ATTENTION: default value of option mesa_glthread overridden by environment.
ATTENTION: default value of option mesa_glthread overridden by environment.
1667674844138	Marionette	INFO	Marionette enabled
1667674844141	Marionette	INFO	Listening on port 34859
Read port: 34859
WebDriver BiDi listening on ws://127.0.0.1:49373
1667674844203	RemoteAgent	WARN	TLS certificate errors will be ignored for this session
console.warn: SearchSettings: "get: No settings file exists, new profile?" (new NotFoundError("Could not open the file at /tmp/rust_mozprofileG4csWd/search.json.mozlz4", (void 0)))
DevTools listening on ws://127.0.0.1:49373/devtools/browser/8d4fa7e9-c465-41d3-a139-90dedcc008ce
JavaScript error: resource://gre/modules/URIFixup.jsm, line 307: NS_ERROR_FAILURE: Should pass a non-null uri
console.warn: LoginRecipes: "Falling back to a synchronous message for: https://www.google.com."
1667674851829	Marionette	INFO	Stopped listening on port 34859
Sandbox: Unexpected EOF, op 0 flags 00 path /proc/cpuinfo
1667674854408	Marionette	INFO	Stopped listening on port 43411
console.warn: TopSitesFeed: Failed to fetch data from Contile server: NetworkError when attempting to fetch resource.
1667801342811	geckodriver	INFO	Listening on 127.0.0.1:53867
1667801343359	mozrunner::runner	INFO	Running command: "/usr/bin/firefox" "--marionette" "--remote-debugging-port" "40045" "--remote-allow-hosts" "localhost" "-no-remote" "-profile" "/tmp/rust_mozprofileEmMGYy"
[GFX1-]: glxtest: VA-API test failed: failed to initialise VAAPI connection.
ATTENTION: default value of option mesa_glthread overridden by environment.
ATTENTION: default value of option mesa_glthread overridden by environment.
ATTENTION: default value of option mesa_glthread overridden by environment.
ATTENTION: default value of option mesa_glthread overridden by environment.
1667801343746	Marionette	INFO	Marionette enabled
1667801343748	Marionette	INFO	Listening on port 43043
Read port: 43043
WebDriver BiDi listening on ws://127.0.0.1:40045
1667801343814	RemoteAgent	WARN	TLS certificate errors will be ignored for this session
console.warn: SearchSettings: "get: No settings file exists, new profile?" (new NotFoundError("Could not open the file at /tmp/rust_mozprofileEmMGYy/search.json.mozlz4", (void 0)))
DevTools listening on ws://127.0.0.1:40045/devtools/browser/e63da089-e791-43e9-83e8-0c1cc434d750
JavaScript error: resource://gre/modules/URIFixup.jsm, line 307: NS_ERROR_FAILURE: Should pass a non-null uri
JavaScript warning: https://assets.adobedtm.com/a5ea4e8f4344/ad980dca528c/launch-d09242b2f3a2.min.js, line 6: WEBGL_debug_renderer_info is deprecated in Firefox and will be removed. Please use RENDERER.
1667801354820	Marionette	INFO	Stopped listening on port 43043
JavaScript warning: https://pagead2.googlesyndication.com/bg/PTWQOrfCOp17EyrMcPeT6PfhP85_faJCCfTgkqMfTIQ.js line 2 > eval line 2045 > eval line 1 > eval line 1 > eval, line 1: WEBGL_debug_renderer_info is deprecated in Firefox and will be removed. Please use RENDERER.
JavaScript error: resource://gre/modules/Sqlite.jsm, line 1108: Error: Sqlite.jsm has been shutdown. Cannot open connection to: /tmp/rust_mozprofileEmMGYy/protections.sqlite
1667801357222	geckodriver	INFO	Listening on 127.0.0.1:59481
1667801357763	mozrunner::runner	INFO	Running command: "/usr/bin/firefox" "--marionette" "--remote-debugging-port" "60283" "--remote-allow-hosts" "localhost" "-no-remote" "-profile" "/tmp/rust_mozprofilepSdbJx"
[GFX1-]: glxtest: VA-API test failed: failed to initialise VAAPI connection.
ATTENTION: default value of option mesa_glthread overridden by environment.
ATTENTION: default value of option mesa_glthread overridden by environment.
ATTENTION: default value of option mesa_glthread overridden by environment.
ATTENTION: default value of option mesa_glthread overridden by environment.
1667801358141	Marionette	INFO	Marionette enabled
1667801358143	Marionette	INFO	Listening on port 35739
Read port: 35739
WebDriver BiDi listening on ws://127.0.0.1:60283
1667801358208	RemoteAgent	WARN	TLS certificate errors will be ignored for this session
console.warn: SearchSettings: "get: No settings file exists, new profile?" (new NotFoundError("Could not open the file at /tmp/rust_mozprofilepSdbJx/search.json.mozlz4", (void 0)))
DevTools listening on ws://127.0.0.1:60283/devtools/browser/9a040c84-3fc6-42b1-bdc5-b48eca32f4f9
JavaScript error: resource://gre/modules/URIFixup.jsm, line 307: NS_ERROR_FAILURE: Should pass a non-null uri
JavaScript warning: https://assets.adobedtm.com/a5ea4e8f4344/ad980dca528c/launch-d09242b2f3a2.min.js, line 6: WEBGL_debug_renderer_info is deprecated in Firefox and will be removed. Please use RENDERER.
1667801370311	Marionette	INFO	Stopped listening on port 35739
JavaScript error: resource://gre/modules/Sqlite.jsm, line 1108: Error: Sqlite.jsm has been shutdown. Cannot open connection to: /tmp/rust_mozprofilepSdbJx/protections.sqlite
1667801370992	geckodriver	INFO	Listening on 127.0.0.1:55853
1667801371522	mozrunner::runner	INFO	Running command: "/usr/bin/firefox" "--marionette" "--remote-debugging-port" "41377" "--remote-allow-hosts" "localhost" "-no-remote" "-profile" "/tmp/rust_mozprofileHBr2Zf"
[GFX1-]: glxtest: VA-API test failed: failed to initialise VAAPI connection.
ATTENTION: default value of option mesa_glthread overridden by environment.
ATTENTION: default value of option mesa_glthread overridden by environment.
ATTENTION: default value of option mesa_glthread overridden by environment.
ATTENTION: default value of option mesa_glthread overridden by environment.
1667801371906	Marionette	INFO	Marionette enabled
1667801371909	Marionette	INFO	Listening on port 39919
Read port: 39919
WebDriver BiDi listening on ws://127.0.0.1:41377
1667801371973	RemoteAgent	WARN	TLS certificate errors will be ignored for this session
console.warn: SearchSettings: "get: No settings file exists, new profile?" (new NotFoundError("Could not open the file at /tmp/rust_mozprofileHBr2Zf/search.json.mozlz4", (void 0)))
DevTools listening on ws://127.0.0.1:41377/devtools/browser/59846e6f-5428-47dc-985c-dd952682180a
JavaScript error: resource://gre/modules/URIFixup.jsm, line 307: NS_ERROR_FAILURE: Should pass a non-null uri
JavaScript warning: https://assets.adobedtm.com/a5ea4e8f4344/ad980dca528c/launch-d09242b2f3a2.min.js, line 6: WEBGL_debug_renderer_info is deprecated in Firefox and will be removed. Please use RENDERER.
JavaScript warning: https://pagead2.googlesyndication.com/bg/PTWQOrfCOp17EyrMcPeT6PfhP85_faJCCfTgkqMfTIQ.js line 2 > eval line 6527 > eval line 1 > eval line 1 > eval, line 1: WEBGL_debug_renderer_info is deprecated in Firefox and will be removed. Please use RENDERER.
1667801386055	Marionette	WARN	TimedPromise timed out after 500 ms: stacktrace:
TimedPromise/<@chrome://remote/content/marionette/sync.js:236:24
TimedPromise@chrome://remote/content/marionette/sync.js:221:10
interaction.flushEventLoop@chrome://remote/content/marionette/interaction.js:431:10
webdriverClickElement@chrome://remote/content/marionette/interaction.js:179:31
1667801386086	Marionette	INFO	Stopped listening on port 39919
JavaScript error: resource://gre/modules/Sqlite.jsm, line 1108: Error: Sqlite.jsm has been shutdown. Cannot open connection to: /tmp/rust_mozprofileHBr2Zf/protections.sqlite
1667801439030	geckodriver	INFO	Listening on 127.0.0.1:55151
1667801439569	mozrunner::runner	INFO	Running command: "/usr/bin/firefox" "--marionette" "--remote-debugging-port" "50005" "--remote-allow-hosts" "localhost" "-no-remote" "-profile" "/tmp/rust_mozprofileoyTY5I"
[GFX1-]: glxtest: VA-API test failed: failed to initialise VAAPI connection.
ATTENTION: default value of option mesa_glthread overridden by environment.
ATTENTION: default value of option mesa_glthread overridden by environment.
ATTENTION: default value of option mesa_glthread overridden by environment.
ATTENTION: default value of option mesa_glthread overridden by environment.
1667801439949	Marionette	INFO	Marionette enabled
1667801439951	Marionette	INFO	Listening on port 39077
Read port: 39077
WebDriver BiDi listening on ws://127.0.0.1:50005
1667801440014	RemoteAgent	WARN	TLS certificate errors will be ignored for this session
console.warn: SearchSettings: "get: No settings file exists, new profile?" (new NotFoundError("Could not open the file at /tmp/rust_mozprofileoyTY5I/search.json.mozlz4", (void 0)))
DevTools listening on ws://127.0.0.1:50005/devtools/browser/d50591f7-5995-4fbb-ae42-24b11e7d58f6
JavaScript error: resource://gre/modules/URIFixup.jsm, line 307: NS_ERROR_FAILURE: Should pass a non-null uri
JavaScript warning: https://assets.adobedtm.com/a5ea4e8f4344/ad980dca528c/launch-d09242b2f3a2.min.js, line 6: WEBGL_debug_renderer_info is deprecated in Firefox and will be removed. Please use RENDERER.
1667801445821	Marionette	WARN	TimedPromise timed out after 500 ms: stacktrace:
TimedPromise/<@chrome://remote/content/marionette/sync.js:236:24
TimedPromise@chrome://remote/content/marionette/sync.js:221:10
interaction.flushEventLoop@chrome://remote/content/marionette/interaction.js:431:10
webdriverClickElement@chrome://remote/content/marionette/interaction.js:179:31
1667801445850	Marionette	INFO	Stopped listening on port 39077
JavaScript error: resource://gre/modules/Sqlite.jsm, line 1108: Error: Sqlite.jsm has been shutdown. Cannot open connection to: /tmp/rust_mozprofileoyTY5I/protections.sqlite
1667801474401	geckodriver	INFO	Listening on 127.0.0.1:45497
1667801474946	mozrunner::runner	INFO	Running command: "/usr/bin/firefox" "--marionette" "--remote-debugging-port" "35885" "--remote-allow-hosts" "localhost" "-no-remote" "-profile" "/tmp/rust_mozprofileIUzEy0"
[GFX1-]: glxtest: VA-API test failed: failed to initialise VAAPI connection.
ATTENTION: default value of option mesa_glthread overridden by environment.
ATTENTION: default value of option mesa_glthread overridden by environment.
ATTENTION: default value of option mesa_glthread overridden by environment.
ATTENTION: default value of option mesa_glthread overridden by environment.
1667801475326	Marionette	INFO	Marionette enabled
1667801475329	Marionette	INFO	Listening on port 35197
Read port: 35197
WebDriver BiDi listening on ws://127.0.0.1:35885
1667801475392	RemoteAgent	WARN	TLS certificate errors will be ignored for this session
console.warn: SearchSettings: "get: No settings file exists, new profile?" (new NotFoundError("Could not open the file at /tmp/rust_mozprofileIUzEy0/search.json.mozlz4", (void 0)))
DevTools listening on ws://127.0.0.1:35885/devtools/browser/27177963-fe38-43d0-bd3b-9d7670688eb5
JavaScript error: resource://gre/modules/URIFixup.jsm, line 307: NS_ERROR_FAILURE: Should pass a non-null uri
JavaScript warning: https://assets.adobedtm.com/a5ea4e8f4344/ad980dca528c/launch-d09242b2f3a2.min.js, line 6: WEBGL_debug_renderer_info is deprecated in Firefox and will be removed. Please use RENDERER.
JavaScript warning: https://pagead2.googlesyndication.com/bg/PTWQOrfCOp17EyrMcPeT6PfhP85_faJCCfTgkqMfTIQ.js line 2 > eval line 4276 > eval line 1 > eval line 1 > eval, line 1: WEBGL_debug_renderer_info is deprecated in Firefox and will be removed. Please use RENDERER.
1667801481340	Marionette	INFO	Stopped listening on port 35197
JavaScript error: resource://gre/modules/Sqlite.jsm, line 1108: Error: Sqlite.jsm has been shutdown. Cannot open connection to: /tmp/rust_mozprofileIUzEy0/protections.sqlite
1667801484090	geckodriver	INFO	Listening on 127.0.0.1:53513
1667801484620	mozrunner::runner	INFO	Running command: "/usr/bin/firefox" "--marionette" "--remote-debugging-port" "53453" "--remote-allow-hosts" "localhost" "-no-remote" "-profile" "/tmp/rust_mozprofileaaftHV"
[GFX1-]: glxtest: VA-API test failed: failed to initialise VAAPI connection.
ATTENTION: default value of option mesa_glthread overridden by environment.
ATTENTION: default value of option mesa_glthread overridden by environment.
ATTENTION: default value of option mesa_glthread overridden by environment.
ATTENTION: default value of option mesa_glthread overridden by environment.
1667801485010	Marionette	INFO	Marionette enabled
1667801485013	Marionette	INFO	Listening on port 46241
Read port: 46241
WebDriver BiDi listening on ws://127.0.0.1:53453
1667801485076	RemoteAgent	WARN	TLS certificate errors will be ignored for this session
console.warn: SearchSettings: "get: No settings file exists, new profile?" (new NotFoundError("Could not open the file at /tmp/rust_mozprofileaaftHV/search.json.mozlz4", (void 0)))
DevTools listening on ws://127.0.0.1:53453/devtools/browser/f64e8ebc-eff8-4b57-9796-996cdefb518f
JavaScript error: resource://gre/modules/URIFixup.jsm, line 307: NS_ERROR_FAILURE: Should pass a non-null uri
JavaScript warning: https://assets.adobedtm.com/a5ea4e8f4344/ad980dca528c/launch-d09242b2f3a2.min.js, line 6: WEBGL_debug_renderer_info is deprecated in Firefox and will be removed. Please use RENDERER.
JavaScript warning: https://pagead2.googlesyndication.com/bg/PTWQOrfCOp17EyrMcPeT6PfhP85_faJCCfTgkqMfTIQ.js line 2 > eval line 4330 > eval line 1 > eval line 1 > eval, line 1: WEBGL_debug_renderer_info is deprecated in Firefox and will be removed. Please use RENDERER.
1667801493646	Marionette	INFO	Stopped listening on port 46241
JavaScript error: resource://gre/modules/Sqlite.jsm, line 1108: Error: Sqlite.jsm has been shutdown. Cannot open connection to: /tmp/rust_mozprofileaaftHV/protections.sqlite
1667801495027	geckodriver	INFO	Listening on 127.0.0.1:36357
1667801495572	mozrunner::runner	INFO	Running command: "/usr/bin/firefox" "--marionette" "--remote-debugging-port" "35813" "--remote-allow-hosts" "localhost" "-no-remote" "-profile" "/tmp/rust_mozprofile6OAQB1"
[GFX1-]: glxtest: VA-API test failed: failed to initialise VAAPI connection.
ATTENTION: default value of option mesa_glthread overridden by environment.
ATTENTION: default value of option mesa_glthread overridden by environment.
ATTENTION: default value of option mesa_glthread overridden by environment.
ATTENTION: default value of option mesa_glthread overridden by environment.
1667801495956	Marionette	INFO	Marionette enabled
1667801495958	Marionette	INFO	Listening on port 38021
Read port: 38021
WebDriver BiDi listening on ws://127.0.0.1:35813
1667801496023	RemoteAgent	WARN	TLS certificate errors will be ignored for this session
console.warn: SearchSettings: "get: No settings file exists, new profile?" (new NotFoundError("Could not open the file at /tmp/rust_mozprofile6OAQB1/search.json.mozlz4", (void 0)))
DevTools listening on ws://127.0.0.1:35813/devtools/browser/f1476dd8-8b28-4b5c-b040-5b50ab880644
JavaScript error: resource://gre/modules/URIFixup.jsm, line 307: NS_ERROR_FAILURE: Should pass a non-null uri
JavaScript warning: https://assets.adobedtm.com/a5ea4e8f4344/ad980dca528c/launch-d09242b2f3a2.min.js, line 6: WEBGL_debug_renderer_info is deprecated in Firefox and will be removed. Please use RENDERER.
JavaScript warning: https://pagead2.googlesyndication.com/bg/PTWQOrfCOp17EyrMcPeT6PfhP85_faJCCfTgkqMfTIQ.js line 2 > eval line 4890 > eval line 1 > eval line 1 > eval, line 1: WEBGL_debug_renderer_info is deprecated in Firefox and will be removed. Please use RENDERER.
1667801505598	Marionette	WARN	TimedPromise timed out after 500 ms: stacktrace:
TimedPromise/<@chrome://remote/content/marionette/sync.js:236:24
TimedPromise@chrome://remote/content/marionette/sync.js:221:10
interaction.flushEventLoop@chrome://remote/content/marionette/interaction.js:431:10
webdriverClickElement@chrome://remote/content/marionette/interaction.js:179:31
1667801505602	Marionette	INFO	Stopped listening on port 38021
JavaScript error: resource://gre/modules/Sqlite.jsm, line 1108: Error: Sqlite.jsm has been shutdown. Cannot open connection to: /tmp/rust_mozprofile6OAQB1/protections.sqlite
1667801531660	geckodriver	INFO	Listening on 127.0.0.1:51415
1667801532205	mozrunner::runner	INFO	Running command: "/usr/bin/firefox" "--marionette" "--remote-debugging-port" "59103" "--remote-allow-hosts" "localhost" "-no-remote" "-profile" "/tmp/rust_mozprofileDXqr59"
[GFX1-]: glxtest: VA-API test failed: failed to initialise VAAPI connection.
ATTENTION: default value of option mesa_glthread overridden by environment.
ATTENTION: default value of option mesa_glthread overridden by environment.
ATTENTION: default value of option mesa_glthread overridden by environment.
ATTENTION: default value of option mesa_glthread overridden by environment.
1667801532592	Marionette	INFO	Marionette enabled
1667801532594	Marionette	INFO	Listening on port 40577
Read port: 40577
WebDriver BiDi listening on ws://127.0.0.1:59103
1667801532659	RemoteAgent	WARN	TLS certificate errors will be ignored for this session
console.warn: SearchSettings: "get: No settings file exists, new profile?" (new NotFoundError("Could not open the file at /tmp/rust_mozprofileDXqr59/search.json.mozlz4", (void 0)))
DevTools listening on ws://127.0.0.1:59103/devtools/browser/55c774b3-47c5-40ba-aa6d-776be0f4836b
JavaScript error: resource://gre/modules/URIFixup.jsm, line 307: NS_ERROR_FAILURE: Should pass a non-null uri
JavaScript warning: https://assets.adobedtm.com/a5ea4e8f4344/ad980dca528c/launch-d09242b2f3a2.min.js, line 6: WEBGL_debug_renderer_info is deprecated in Firefox and will be removed. Please use RENDERER.
JavaScript warning: https://pagead2.googlesyndication.com/bg/PTWQOrfCOp17EyrMcPeT6PfhP85_faJCCfTgkqMfTIQ.js line 2 > eval line 2395 > eval line 1 > eval line 1 > eval, line 1: WEBGL_debug_renderer_info is deprecated in Firefox and will be removed. Please use RENDERER.
1667801541473	Marionette	WARN	TimedPromise timed out after 500 ms: stacktrace:
TimedPromise/<@chrome://remote/content/marionette/sync.js:236:24
TimedPromise@chrome://remote/content/marionette/sync.js:221:10
interaction.flushEventLoop@chrome://remote/content/marionette/interaction.js:431:10
webdriverClickElement@chrome://remote/content/marionette/interaction.js:179:31
1667801561072	Marionette	INFO	Stopped listening on port 40577
JavaScript error: resource://gre/modules/Sqlite.jsm, line 1108: Error: Sqlite.jsm has been shutdown. Cannot open connection to: /tmp/rust_mozprofileDXqr59/protections.sqlite
Sandbox: Unexpected EOF, op 0 flags 00 path /proc/cpuinfo
1667801631543	geckodriver	INFO	Listening on 127.0.0.1:45919
1667801632089	mozrunner::runner	INFO	Running command: "/usr/bin/firefox" "--marionette" "--remote-debugging-port" "47327" "--remote-allow-hosts" "localhost" "-no-remote" "-profile" "/tmp/rust_mozprofileUL9j14"
[GFX1-]: glxtest: VA-API test failed: failed to initialise VAAPI connection.
ATTENTION: default value of option mesa_glthread overridden by environment.
ATTENTION: default value of option mesa_glthread overridden by environment.
ATTENTION: default value of option mesa_glthread overridden by environment.
ATTENTION: default value of option mesa_glthread overridden by environment.
1667801632471	Marionette	INFO	Marionette enabled
1667801632473	Marionette	INFO	Listening on port 36127
Read port: 36127
WebDriver BiDi listening on ws://127.0.0.1:47327
1667801632540	RemoteAgent	WARN	TLS certificate errors will be ignored for this session
console.warn: SearchSettings: "get: No settings file exists, new profile?" (new NotFoundError("Could not open the file at /tmp/rust_mozprofileUL9j14/search.json.mozlz4", (void 0)))
DevTools listening on ws://127.0.0.1:47327/devtools/browser/8c0fdbd5-80a0-4e3c-8991-a1052eed6687
JavaScript error: resource://gre/modules/URIFixup.jsm, line 307: NS_ERROR_FAILURE: Should pass a non-null uri
JavaScript warning: https://assets.adobedtm.com/a5ea4e8f4344/ad980dca528c/launch-d09242b2f3a2.min.js, line 6: WEBGL_debug_renderer_info is deprecated in Firefox and will be removed. Please use RENDERER.
JavaScript warning: https://pagead2.googlesyndication.com/bg/PTWQOrfCOp17EyrMcPeT6PfhP85_faJCCfTgkqMfTIQ.js line 2 > eval line 4128 > eval line 1 > eval line 1 > eval, line 1: WEBGL_debug_renderer_info is deprecated in Firefox and will be removed. Please use RENDERER.
1667801647324	Marionette	WARN	TimedPromise timed out after 500 ms: stacktrace:
TimedPromise/<@chrome://remote/content/marionette/sync.js:236:24
TimedPromise@chrome://remote/content/marionette/sync.js:221:10
interaction.flushEventLoop@chrome://remote/content/marionette/interaction.js:431:10
webdriverClickElement@chrome://remote/content/marionette/interaction.js:179:31
1667801686206	Marionette	WARN	TimedPromise timed out after 500 ms: stacktrace:
TimedPromise/<@chrome://remote/content/marionette/sync.js:236:24
TimedPromise@chrome://remote/content/marionette/sync.js:221:10
interaction.flushEventLoop@chrome://remote/content/marionette/interaction.js:431:10
webdriverClickElement@chrome://remote/content/marionette/interaction.js:179:31
1667801688054	Marionette	WARN	TimedPromise timed out after 500 ms: stacktrace:
TimedPromise/<@chrome://remote/content/marionette/sync.js:236:24
TimedPromise@chrome://remote/content/marionette/sync.js:221:10
interaction.flushEventLoop@chrome://remote/content/marionette/interaction.js:431:10
webdriverClickElement@chrome://remote/content/marionette/interaction.js:179:31
1667801688558	Marionette	WARN	TimedPromise timed out after 500 ms: stacktrace:
TimedPromise/<@chrome://remote/content/marionette/sync.js:236:24
TimedPromise@chrome://remote/content/marionette/sync.js:221:10
interaction.flushEventLoop@chrome://remote/content/marionette/interaction.js:431:10
webdriverClickElement@chrome://remote/content/marionette/interaction.js:179:31
1667801689067	Marionette	WARN	TimedPromise timed out after 500 ms: stacktrace:
TimedPromise/<@chrome://remote/content/marionette/sync.js:236:24
TimedPromise@chrome://remote/content/marionette/sync.js:221:10
interaction.flushEventLoop@chrome://remote/content/marionette/interaction.js:431:10
webdriverClickElement@chrome://remote/content/marionette/interaction.js:179:31
1667801723331	Marionette	INFO	Stopped listening on port 36127
Sandbox: Unexpected EOF, op 0 flags 00 path /proc/cpuinfo
1667801726174	geckodriver	INFO	Listening on 127.0.0.1:49579
1667801726715	mozrunner::runner	INFO	Running command: "/usr/bin/firefox" "--marionette" "--remote-debugging-port" "41187" "--remote-allow-hosts" "localhost" "-no-remote" "-profile" "/tmp/rust_mozprofileHESIKC"
[GFX1-]: glxtest: VA-API test failed: failed to initialise VAAPI connection.
ATTENTION: default value of option mesa_glthread overridden by environment.
ATTENTION: default value of option mesa_glthread overridden by environment.
ATTENTION: default value of option mesa_glthread overridden by environment.
ATTENTION: default value of option mesa_glthread overridden by environment.
1667801727100	Marionette	INFO	Marionette enabled
1667801727102	Marionette	INFO	Listening on port 41093
Read port: 41093
WebDriver BiDi listening on ws://127.0.0.1:41187
1667801727166	RemoteAgent	WARN	TLS certificate errors will be ignored for this session
console.warn: SearchSettings: "get: No settings file exists, new profile?" (new NotFoundError("Could not open the file at /tmp/rust_mozprofileHESIKC/search.json.mozlz4", (void 0)))
DevTools listening on ws://127.0.0.1:41187/devtools/browser/37703b7e-c5fc-4d14-861c-9754d851727a
JavaScript error: resource://gre/modules/URIFixup.jsm, line 307: NS_ERROR_FAILURE: Should pass a non-null uri
JavaScript warning: https://assets.adobedtm.com/a5ea4e8f4344/ad980dca528c/launch-d09242b2f3a2.min.js, line 6: WEBGL_debug_renderer_info is deprecated in Firefox and will be removed. Please use RENDERER.
JavaScript warning: https://pagead2.googlesyndication.com/bg/PTWQOrfCOp17EyrMcPeT6PfhP85_faJCCfTgkqMfTIQ.js line 2 > eval line 3094 > eval line 1 > eval line 1 > eval, line 1: WEBGL_debug_renderer_info is deprecated in Firefox and will be removed. Please use RENDERER.
1667801742159	Marionette	WARN	TimedPromise timed out after 500 ms: stacktrace:
TimedPromise/<@chrome://remote/content/marionette/sync.js:236:24
TimedPromise@chrome://remote/content/marionette/sync.js:221:10
interaction.flushEventLoop@chrome://remote/content/marionette/interaction.js:431:10
webdriverClickElement@chrome://remote/content/marionette/interaction.js:179:31
1667801750193	Marionette	WARN	TimedPromise timed out after 500 ms: stacktrace:
TimedPromise/<@chrome://remote/content/marionette/sync.js:236:24
TimedPromise@chrome://remote/content/marionette/sync.js:221:10
interaction.flushEventLoop@chrome://remote/content/marionette/interaction.js:431:10
webdriverClickElement@chrome://remote/content/marionette/interaction.js:179:31
1667801752390	Marionette	WARN	TimedPromise timed out after 500 ms: stacktrace:
TimedPromise/<@chrome://remote/content/marionette/sync.js:236:24
TimedPromise@chrome://remote/content/marionette/sync.js:221:10
interaction.flushEventLoop@chrome://remote/content/marionette/interaction.js:431:10
webdriverClickElement@chrome://remote/content/marionette/interaction.js:179:31
1667801753741	Marionette	WARN	TimedPromise timed out after 500 ms: stacktrace:
TimedPromise/<@chrome://remote/content/marionette/sync.js:236:24
TimedPromise@chrome://remote/content/marionette/sync.js:221:10
interaction.flushEventLoop@chrome://remote/content/marionette/interaction.js:431:10
webdriverClickElement@chrome://remote/content/marionette/interaction.js:179:31
1667801757691	Marionette	WARN	TimedPromise timed out after 500 ms: stacktrace:
TimedPromise/<@chrome://remote/content/marionette/sync.js:236:24
TimedPromise@chrome://remote/content/marionette/sync.js:221:10
interaction.flushEventLoop@chrome://remote/content/marionette/interaction.js:431:10
webdriverClickElement@chrome://remote/content/marionette/interaction.js:179:31
1667801759018	Marionette	WARN	TimedPromise timed out after 500 ms: stacktrace:
TimedPromise/<@chrome://remote/content/marionette/sync.js:236:24
TimedPromise@chrome://remote/content/marionette/sync.js:221:10
interaction.flushEventLoop@chrome://remote/content/marionette/interaction.js:431:10
webdriverClickElement@chrome://remote/content/marionette/interaction.js:179:31
1667801764172	Marionette	WARN	TimedPromise timed out after 500 ms: stacktrace:
TimedPromise/<@chrome://remote/content/marionette/sync.js:236:24
TimedPromise@chrome://remote/content/marionette/sync.js:221:10
interaction.flushEventLoop@chrome://remote/content/marionette/interaction.js:431:10
webdriverClickElement@chrome://remote/content/marionette/interaction.js:179:31
1667801765292	Marionette	WARN	TimedPromise timed out after 500 ms: stacktrace:
TimedPromise/<@chrome://remote/content/marionette/sync.js:236:24
TimedPromise@chrome://remote/content/marionette/sync.js:221:10
interaction.flushEventLoop@chrome://remote/content/marionette/interaction.js:431:10
webdriverClickElement@chrome://remote/content/marionette/interaction.js:179:31
1667801766738	Marionette	WARN	TimedPromise timed out after 500 ms: stacktrace:
TimedPromise/<@chrome://remote/content/marionette/sync.js:236:24
TimedPromise@chrome://remote/content/marionette/sync.js:221:10
interaction.flushEventLoop@chrome://remote/content/marionette/interaction.js:431:10
webdriverClickElement@chrome://remote/content/marionette/interaction.js:179:31
1667803734008	Marionette	INFO	Stopped listening on port 41093
1667803920757	geckodriver	INFO	Listening on 127.0.0.1:44025
1667803921286	mozrunner::runner	INFO	Running command: "/usr/bin/firefox" "--marionette" "--remote-debugging-port" "49551" "--remote-allow-hosts" "localhost" "-no-remote" "-profile" "/tmp/rust_mozprofileqYGxWJ"
[GFX1-]: glxtest: VA-API test failed: failed to initialise VAAPI connection.
ATTENTION: default value of option mesa_glthread overridden by environment.
ATTENTION: default value of option mesa_glthread overridden by environment.
ATTENTION: default value of option mesa_glthread overridden by environment.
ATTENTION: default value of option mesa_glthread overridden by environment.
1667803921674	Marionette	INFO	Marionette enabled
1667803921676	Marionette	INFO	Listening on port 33989
Read port: 33989
WebDriver BiDi listening on ws://127.0.0.1:49551
1667803921740	RemoteAgent	WARN	TLS certificate errors will be ignored for this session
console.warn: SearchSettings: "get: No settings file exists, new profile?" (new NotFoundError("Could not open the file at /tmp/rust_mozprofileqYGxWJ/search.json.mozlz4", (void 0)))
DevTools listening on ws://127.0.0.1:49551/devtools/browser/c8f4df11-e456-4f13-b079-3bd924f1a91f
JavaScript error: resource://gre/modules/URIFixup.jsm, line 307: NS_ERROR_FAILURE: Should pass a non-null uri
JavaScript warning: https://assets.adobedtm.com/a5ea4e8f4344/ad980dca528c/launch-d09242b2f3a2.min.js, line 6: WEBGL_debug_renderer_info is deprecated in Firefox and will be removed. Please use RENDERER.
JavaScript warning: https://pagead2.googlesyndication.com/bg/PTWQOrfCOp17EyrMcPeT6PfhP85_faJCCfTgkqMfTIQ.js line 2 > eval line 783 > eval line 1 > eval line 1 > eval, line 1: WEBGL_debug_renderer_info is deprecated in Firefox and will be removed. Please use RENDERER.
1667803931983	Marionette	WARN	TimedPromise timed out after 500 ms: stacktrace:
TimedPromise/<@chrome://remote/content/marionette/sync.js:236:24
TimedPromise@chrome://remote/content/marionette/sync.js:221:10
interaction.flushEventLoop@chrome://remote/content/marionette/interaction.js:431:10
webdriverClickElement@chrome://remote/content/marionette/interaction.js:179:31
1667803932016	Marionette	INFO	Stopped listening on port 33989
JavaScript error: resource://gre/modules/Sqlite.jsm, line 1108: Error: Sqlite.jsm has been shutdown. Cannot open connection to: /tmp/rust_mozprofileqYGxWJ/protections.sqlite
1667803951513	geckodriver	INFO	Listening on 127.0.0.1:50991
1667803952059	mozrunner::runner	INFO	Running command: "/usr/bin/firefox" "--marionette" "--remote-debugging-port" "36789" "--remote-allow-hosts" "localhost" "-no-remote" "-profile" "/tmp/rust_mozprofilesqwPjl"
[GFX1-]: glxtest: VA-API test failed: failed to initialise VAAPI connection.
ATTENTION: default value of option mesa_glthread overridden by environment.
ATTENTION: default value of option mesa_glthread overridden by environment.
ATTENTION: default value of option mesa_glthread overridden by environment.
ATTENTION: default value of option mesa_glthread overridden by environment.
1667803952448	Marionette	INFO	Marionette enabled
1667803952450	Marionette	INFO	Listening on port 34815
Read port: 34815
WebDriver BiDi listening on ws://127.0.0.1:36789
1667803952515	RemoteAgent	WARN	TLS certificate errors will be ignored for this session
console.warn: SearchSettings: "get: No settings file exists, new profile?" (new NotFoundError("Could not open the file at /tmp/rust_mozprofilesqwPjl/search.json.mozlz4", (void 0)))
DevTools listening on ws://127.0.0.1:36789/devtools/browser/1a9611a5-df42-43ce-8a80-2bafbaba4049
JavaScript error: resource://gre/modules/URIFixup.jsm, line 307: NS_ERROR_FAILURE: Should pass a non-null uri
JavaScript warning: https://assets.adobedtm.com/a5ea4e8f4344/ad980dca528c/launch-d09242b2f3a2.min.js, line 6: WEBGL_debug_renderer_info is deprecated in Firefox and will be removed. Please use RENDERER.
JavaScript warning: https://pagead2.googlesyndication.com/bg/PTWQOrfCOp17EyrMcPeT6PfhP85_faJCCfTgkqMfTIQ.js line 2 > eval line 6108 > eval line 1 > eval line 1 > eval, line 1: WEBGL_debug_renderer_info is deprecated in Firefox and will be removed. Please use RENDERER.
1667803962098	Marionette	WARN	TimedPromise timed out after 500 ms: stacktrace:
TimedPromise/<@chrome://remote/content/marionette/sync.js:236:24
TimedPromise@chrome://remote/content/marionette/sync.js:221:10
interaction.flushEventLoop@chrome://remote/content/marionette/interaction.js:431:10
webdriverClickElement@chrome://remote/content/marionette/interaction.js:179:31
1667803962118	Marionette	INFO	Stopped listening on port 34815
JavaScript error: resource://gre/modules/Sqlite.jsm, line 1108: Error: Sqlite.jsm has been shutdown. Cannot open connection to: /tmp/rust_mozprofilesqwPjl/protections.sqlite
1667803973190	geckodriver	INFO	Listening on 127.0.0.1:47835
1667803973735	mozrunner::runner	INFO	Running command: "/usr/bin/firefox" "--marionette" "--remote-debugging-port" "58229" "--remote-allow-hosts" "localhost" "-no-remote" "-profile" "/tmp/rust_mozprofilehX0Jl6"
[GFX1-]: glxtest: VA-API test failed: failed to initialise VAAPI connection.
ATTENTION: default value of option mesa_glthread overridden by environment.
ATTENTION: default value of option mesa_glthread overridden by environment.
ATTENTION: default value of option mesa_glthread overridden by environment.
ATTENTION: default value of option mesa_glthread overridden by environment.
1667803974122	Marionette	INFO	Marionette enabled
1667803974125	Marionette	INFO	Listening on port 37033
Read port: 37033
WebDriver BiDi listening on ws://127.0.0.1:58229
1667803974188	RemoteAgent	WARN	TLS certificate errors will be ignored for this session
console.warn: SearchSettings: "get: No settings file exists, new profile?" (new NotFoundError("Could not open the file at /tmp/rust_mozprofilehX0Jl6/search.json.mozlz4", (void 0)))
DevTools listening on ws://127.0.0.1:58229/devtools/browser/61bafa87-917c-4d38-88e7-0454af922ebf
JavaScript error: resource://gre/modules/URIFixup.jsm, line 307: NS_ERROR_FAILURE: Should pass a non-null uri
JavaScript warning: https://assets.adobedtm.com/a5ea4e8f4344/ad980dca528c/launch-d09242b2f3a2.min.js, line 6: WEBGL_debug_renderer_info is deprecated in Firefox and will be removed. Please use RENDERER.
JavaScript warning: https://pagead2.googlesyndication.com/bg/PTWQOrfCOp17EyrMcPeT6PfhP85_faJCCfTgkqMfTIQ.js line 2 > eval line 509 > eval line 1 > eval line 1 > eval, line 1: WEBGL_debug_renderer_info is deprecated in Firefox and will be removed. Please use RENDERER.
1667803998431	Marionette	WARN	TimedPromise timed out after 500 ms: stacktrace:
TimedPromise/<@chrome://remote/content/marionette/sync.js:236:24
TimedPromise@chrome://remote/content/marionette/sync.js:221:10
interaction.flushEventLoop@chrome://remote/content/marionette/interaction.js:431:10
webdriverClickElement@chrome://remote/content/marionette/interaction.js:179:31
1667803998463	Marionette	INFO	Stopped listening on port 37033
JavaScript error: resource://gre/modules/Sqlite.jsm, line 1108: Error: Sqlite.jsm has been shutdown. Cannot open connection to: /tmp/rust_mozprofilehX0Jl6/protections.sqlite
1667804125873	geckodriver	INFO	Listening on 127.0.0.1:57977
1667804126419	mozrunner::runner	INFO	Running command: "/usr/bin/firefox" "--marionette" "--remote-debugging-port" "50887" "--remote-allow-hosts" "localhost" "-no-remote" "-profile" "/tmp/rust_mozprofileUYJ8UL"
[GFX1-]: glxtest: VA-API test failed: failed to initialise VAAPI connection.
ATTENTION: default value of option mesa_glthread overridden by environment.
ATTENTION: default value of option mesa_glthread overridden by environment.
ATTENTION: default value of option mesa_glthread overridden by environment.
ATTENTION: default value of option mesa_glthread overridden by environment.
1667804126799	Marionette	INFO	Marionette enabled
1667804126801	Marionette	INFO	Listening on port 41189
Read port: 41189
WebDriver BiDi listening on ws://127.0.0.1:50887
1667804126866	RemoteAgent	WARN	TLS certificate errors will be ignored for this session
console.warn: SearchSettings: "get: No settings file exists, new profile?" (new NotFoundError("Could not open the file at /tmp/rust_mozprofileUYJ8UL/search.json.mozlz4", (void 0)))
DevTools listening on ws://127.0.0.1:50887/devtools/browser/d0af1bbf-8514-48c1-867d-c0d72ead27e3
JavaScript error: resource://gre/modules/URIFixup.jsm, line 307: NS_ERROR_FAILURE: Should pass a non-null uri
JavaScript warning: https://assets.adobedtm.com/a5ea4e8f4344/ad980dca528c/launch-d09242b2f3a2.min.js, line 6: WEBGL_debug_renderer_info is deprecated in Firefox and will be removed. Please use RENDERER.
JavaScript warning: https://pagead2.googlesyndication.com/bg/PTWQOrfCOp17EyrMcPeT6PfhP85_faJCCfTgkqMfTIQ.js line 2 > eval line 4231 > eval line 1 > eval line 1 > eval, line 1: WEBGL_debug_renderer_info is deprecated in Firefox and will be removed. Please use RENDERER.
1667804138689	Marionette	WARN	TimedPromise timed out after 500 ms: stacktrace:
TimedPromise/<@chrome://remote/content/marionette/sync.js:236:24
TimedPromise@chrome://remote/content/marionette/sync.js:221:10
interaction.flushEventLoop@chrome://remote/content/marionette/interaction.js:431:10
webdriverClickElement@chrome://remote/content/marionette/interaction.js:179:31
1667804138718	Marionette	INFO	Stopped listening on port 41189
JavaScript error: resource://gre/modules/Sqlite.jsm, line 1108: Error: Sqlite.jsm has been shutdown. Cannot open connection to: /tmp/rust_mozprofileUYJ8UL/protections.sqlite
Sandbox: Unexpected EOF, op 0 flags 00 path /proc/cpuinfo
1667804226143	geckodriver	INFO	Listening on 127.0.0.1:47233
1667804226689	mozrunner::runner	INFO	Running command: "/usr/bin/firefox" "--marionette" "--remote-debugging-port" "56367" "--remote-allow-hosts" "localhost" "-no-remote" "-profile" "/tmp/rust_mozprofilegrZyRN"
[GFX1-]: glxtest: VA-API test failed: failed to initialise VAAPI connection.
ATTENTION: default value of option mesa_glthread overridden by environment.
ATTENTION: default value of option mesa_glthread overridden by environment.
ATTENTION: default value of option mesa_glthread overridden by environment.
ATTENTION: default value of option mesa_glthread overridden by environment.
1667804227075	Marionette	INFO	Marionette enabled
1667804227078	Marionette	INFO	Listening on port 46811
Read port: 46811
WebDriver BiDi listening on ws://127.0.0.1:56367
1667804227140	RemoteAgent	WARN	TLS certificate errors will be ignored for this session
console.warn: SearchSettings: "get: No settings file exists, new profile?" (new NotFoundError("Could not open the file at /tmp/rust_mozprofilegrZyRN/search.json.mozlz4", (void 0)))
DevTools listening on ws://127.0.0.1:56367/devtools/browser/109a4c9e-8e8c-4d68-a4e9-8ddb0274d93c
JavaScript error: resource://gre/modules/URIFixup.jsm, line 307: NS_ERROR_FAILURE: Should pass a non-null uri
JavaScript warning: https://assets.adobedtm.com/a5ea4e8f4344/ad980dca528c/launch-d09242b2f3a2.min.js, line 6: WEBGL_debug_renderer_info is deprecated in Firefox and will be removed. Please use RENDERER.
JavaScript warning: https://pagead2.googlesyndication.com/bg/PTWQOrfCOp17EyrMcPeT6PfhP85_faJCCfTgkqMfTIQ.js line 2 > eval line 7102 > eval line 1 > eval line 1 > eval, line 1: WEBGL_debug_renderer_info is deprecated in Firefox and will be removed. Please use RENDERER.
1667804233988	Marionette	WARN	TimedPromise timed out after 500 ms: stacktrace:
TimedPromise/<@chrome://remote/content/marionette/sync.js:236:24
TimedPromise@chrome://remote/content/marionette/sync.js:221:10
interaction.flushEventLoop@chrome://remote/content/marionette/interaction.js:431:10
webdriverClickElement@chrome://remote/content/marionette/interaction.js:179:31
1667804233999	Marionette	INFO	Stopped listening on port 46811
JavaScript error: resource://gre/modules/Sqlite.jsm, line 1108: Error: Sqlite.jsm has been shutdown. Cannot open connection to: /tmp/rust_mozprofilegrZyRN/protections.sqlite
1667804251520	geckodriver	INFO	Listening on 127.0.0.1:51331
1667804252065	mozrunner::runner	INFO	Running command: "/usr/bin/firefox" "--marionette" "--remote-debugging-port" "48409" "--remote-allow-hosts" "localhost" "-no-remote" "-profile" "/tmp/rust_mozprofilewKAOFv"
[GFX1-]: glxtest: VA-API test failed: failed to initialise VAAPI connection.
ATTENTION: default value of option mesa_glthread overridden by environment.
ATTENTION: default value of option mesa_glthread overridden by environment.
ATTENTION: default value of option mesa_glthread overridden by environment.
ATTENTION: default value of option mesa_glthread overridden by environment.
1667804252451	Marionette	INFO	Marionette enabled
1667804252453	Marionette	INFO	Listening on port 38217
Read port: 38217
WebDriver BiDi listening on ws://127.0.0.1:48409
1667804252517	RemoteAgent	WARN	TLS certificate errors will be ignored for this session
console.warn: SearchSettings: "get: No settings file exists, new profile?" (new NotFoundError("Could not open the file at /tmp/rust_mozprofilewKAOFv/search.json.mozlz4", (void 0)))
DevTools listening on ws://127.0.0.1:48409/devtools/browser/5efe6632-939d-4291-bc42-14221ac169c4
JavaScript error: resource://gre/modules/URIFixup.jsm, line 307: NS_ERROR_FAILURE: Should pass a non-null uri
JavaScript warning: https://assets.adobedtm.com/a5ea4e8f4344/ad980dca528c/launch-d09242b2f3a2.min.js, line 6: WEBGL_debug_renderer_info is deprecated in Firefox and will be removed. Please use RENDERER.
JavaScript warning: https://pagead2.googlesyndication.com/bg/PTWQOrfCOp17EyrMcPeT6PfhP85_faJCCfTgkqMfTIQ.js line 2 > eval line 2710 > eval line 1 > eval line 1 > eval, line 1: WEBGL_debug_renderer_info is deprecated in Firefox and will be removed. Please use RENDERER.
1667804265187	Marionette	WARN	TimedPromise timed out after 500 ms: stacktrace:
TimedPromise/<@chrome://remote/content/marionette/sync.js:236:24
TimedPromise@chrome://remote/content/marionette/sync.js:221:10
interaction.flushEventLoop@chrome://remote/content/marionette/interaction.js:431:10
webdriverClickElement@chrome://remote/content/marionette/interaction.js:179:31
1667804265210	Marionette	INFO	Stopped listening on port 38217
JavaScript error: resource://gre/modules/Sqlite.jsm, line 1108: Error: Sqlite.jsm has been shutdown. Cannot open connection to: /tmp/rust_mozprofilewKAOFv/protections.sqlite
Sandbox: Unexpected EOF, op 0 flags 00 path /proc/cpuinfo
1667804284780	geckodriver	INFO	Listening on 127.0.0.1:56821
1667804285325	mozrunner::runner	INFO	Running command: "/usr/bin/firefox" "--marionette" "--remote-debugging-port" "52079" "--remote-allow-hosts" "localhost" "-no-remote" "-profile" "/tmp/rust_mozprofile2m5RNV"
[GFX1-]: glxtest: VA-API test failed: failed to initialise VAAPI connection.
ATTENTION: default value of option mesa_glthread overridden by environment.
ATTENTION: default value of option mesa_glthread overridden by environment.
ATTENTION: default value of option mesa_glthread overridden by environment.
ATTENTION: default value of option mesa_glthread overridden by environment.
1667804285704	Marionette	INFO	Marionette enabled
1667804285706	Marionette	INFO	Listening on port 41519
Read port: 41519
WebDriver BiDi listening on ws://127.0.0.1:52079
1667804285770	RemoteAgent	WARN	TLS certificate errors will be ignored for this session
console.warn: SearchSettings: "get: No settings file exists, new profile?" (new NotFoundError("Could not open the file at /tmp/rust_mozprofile2m5RNV/search.json.mozlz4", (void 0)))
DevTools listening on ws://127.0.0.1:52079/devtools/browser/19b94a18-3563-414f-bede-348ecf423c9c
JavaScript error: resource://gre/modules/URIFixup.jsm, line 307: NS_ERROR_FAILURE: Should pass a non-null uri
JavaScript warning: https://assets.adobedtm.com/a5ea4e8f4344/ad980dca528c/launch-d09242b2f3a2.min.js, line 6: WEBGL_debug_renderer_info is deprecated in Firefox and will be removed. Please use RENDERER.
JavaScript warning: https://pagead2.googlesyndication.com/bg/PTWQOrfCOp17EyrMcPeT6PfhP85_faJCCfTgkqMfTIQ.js line 2 > eval line 3310 > eval line 1 > eval line 1 > eval, line 1: WEBGL_debug_renderer_info is deprecated in Firefox and will be removed. Please use RENDERER.
1667804479294	Marionette	INFO	Stopped listening on port 41519
Sandbox: Unexpected EOF, op 0 flags 00 path /proc/cpuinfo
1667804481516	geckodriver	INFO	Listening on 127.0.0.1:53647
1667804482062	mozrunner::runner	INFO	Running command: "/usr/bin/firefox" "--marionette" "--remote-debugging-port" "53847" "--remote-allow-hosts" "localhost" "-no-remote" "-profile" "/tmp/rust_mozprofileKSd37N"
[GFX1-]: glxtest: VA-API test failed: failed to initialise VAAPI connection.
ATTENTION: default value of option mesa_glthread overridden by environment.
ATTENTION: default value of option mesa_glthread overridden by environment.
ATTENTION: default value of option mesa_glthread overridden by environment.
ATTENTION: default value of option mesa_glthread overridden by environment.
1667804482446	Marionette	INFO	Marionette enabled
1667804482448	Marionette	INFO	Listening on port 37503
Read port: 37503
WebDriver BiDi listening on ws://127.0.0.1:53847
1667804482514	RemoteAgent	WARN	TLS certificate errors will be ignored for this session
console.warn: SearchSettings: "get: No settings file exists, new profile?" (new NotFoundError("Could not open the file at /tmp/rust_mozprofileKSd37N/search.json.mozlz4", (void 0)))
DevTools listening on ws://127.0.0.1:53847/devtools/browser/84375b55-ce4a-4c32-a74f-583ef5f67d48
JavaScript error: resource://gre/modules/URIFixup.jsm, line 307: NS_ERROR_FAILURE: Should pass a non-null uri
JavaScript warning: https://assets.adobedtm.com/a5ea4e8f4344/ad980dca528c/launch-d09242b2f3a2.min.js, line 6: WEBGL_debug_renderer_info is deprecated in Firefox and will be removed. Please use RENDERER.
JavaScript warning: https://pagead2.googlesyndication.com/bg/PTWQOrfCOp17EyrMcPeT6PfhP85_faJCCfTgkqMfTIQ.js line 2 > eval line 3508 > eval line 1 > eval line 1 > eval, line 1: WEBGL_debug_renderer_info is deprecated in Firefox and will be removed. Please use RENDERER.
1667804495212	Marionette	WARN	TimedPromise timed out after 500 ms: stacktrace:
TimedPromise/<@chrome://remote/content/marionette/sync.js:236:24
TimedPromise@chrome://remote/content/marionette/sync.js:221:10
interaction.flushEventLoop@chrome://remote/content/marionette/interaction.js:431:10
webdriverClickElement@chrome://remote/content/marionette/interaction.js:179:31
1667804495244	Marionette	INFO	Stopped listening on port 37503
JavaScript error: resource://gre/modules/Sqlite.jsm, line 1108: Error: Sqlite.jsm has been shutdown. Cannot open connection to: /tmp/rust_mozprofileKSd37N/protections.sqlite
Sandbox: Unexpected EOF, op 0 flags 00 path /proc/cpuinfo
1667804517510	geckodriver	INFO	Listening on 127.0.0.1:40109
1667804518055	mozrunner::runner	INFO	Running command: "/usr/bin/firefox" "--marionette" "--remote-debugging-port" "36797" "--remote-allow-hosts" "localhost" "-no-remote" "-profile" "/tmp/rust_mozprofilefJYlvo"
[GFX1-]: glxtest: VA-API test failed: failed to initialise VAAPI connection.
ATTENTION: default value of option mesa_glthread overridden by environment.
ATTENTION: default value of option mesa_glthread overridden by environment.
ATTENTION: default value of option mesa_glthread overridden by environment.
ATTENTION: default value of option mesa_glthread overridden by environment.
1667804518462	Marionette	INFO	Marionette enabled
1667804518464	Marionette	INFO	Listening on port 40873
WebDriver BiDi listening on ws://127.0.0.1:36797
Read port: 40873
1667804518618	RemoteAgent	WARN	TLS certificate errors will be ignored for this session
console.warn: SearchSettings: "get: No settings file exists, new profile?" (new NotFoundError("Could not open the file at /tmp/rust_mozprofilefJYlvo/search.json.mozlz4", (void 0)))
DevTools listening on ws://127.0.0.1:36797/devtools/browser/b7b02e77-b7ef-4a43-a045-7f432f1b58c8
JavaScript error: resource://gre/modules/URIFixup.jsm, line 307: NS_ERROR_FAILURE: Should pass a non-null uri
JavaScript warning: https://assets.adobedtm.com/a5ea4e8f4344/ad980dca528c/launch-d09242b2f3a2.min.js, line 6: WEBGL_debug_renderer_info is deprecated in Firefox and will be removed. Please use RENDERER.
JavaScript warning: https://pagead2.googlesyndication.com/bg/PTWQOrfCOp17EyrMcPeT6PfhP85_faJCCfTgkqMfTIQ.js line 2 > eval line 7416 > eval line 1 > eval line 1 > eval, line 1: WEBGL_debug_renderer_info is deprecated in Firefox and will be removed. Please use RENDERER.
1667804532306	Marionette	INFO	Stopped listening on port 40873
Sandbox: Unexpected EOF, op 0 flags 00 path /proc/cpuinfo
1667804561903	geckodriver	INFO	Listening on 127.0.0.1:60905
1667804562452	mozrunner::runner	INFO	Running command: "/usr/bin/firefox" "--marionette" "--remote-debugging-port" "49693" "--remote-allow-hosts" "localhost" "-no-remote" "-profile" "/tmp/rust_mozprofileCCrhdk"
[GFX1-]: glxtest: VA-API test failed: failed to initialise VAAPI connection.
ATTENTION: default value of option mesa_glthread overridden by environment.
ATTENTION: default value of option mesa_glthread overridden by environment.
ATTENTION: default value of option mesa_glthread overridden by environment.
ATTENTION: default value of option mesa_glthread overridden by environment.
1667804562830	Marionette	INFO	Marionette enabled
1667804562832	Marionette	INFO	Listening on port 37585
Read port: 37585
WebDriver BiDi listening on ws://127.0.0.1:49693
1667804562896	RemoteAgent	WARN	TLS certificate errors will be ignored for this session
console.warn: SearchSettings: "get: No settings file exists, new profile?" (new NotFoundError("Could not open the file at /tmp/rust_mozprofileCCrhdk/search.json.mozlz4", (void 0)))
DevTools listening on ws://127.0.0.1:49693/devtools/browser/c5c3cb70-45b8-4e73-9cb8-4670dd580d2a
JavaScript error: resource://gre/modules/URIFixup.jsm, line 307: NS_ERROR_FAILURE: Should pass a non-null uri
JavaScript warning: https://assets.adobedtm.com/a5ea4e8f4344/ad980dca528c/launch-d09242b2f3a2.min.js, line 6: WEBGL_debug_renderer_info is deprecated in Firefox and will be removed. Please use RENDERER.
JavaScript warning: https://pagead2.googlesyndication.com/bg/PTWQOrfCOp17EyrMcPeT6PfhP85_faJCCfTgkqMfTIQ.js line 2 > eval line 107 > eval line 1 > eval line 1 > eval, line 1: WEBGL_debug_renderer_info is deprecated in Firefox and will be removed. Please use RENDERER.
1667804597372	Marionette	INFO	Stopped listening on port 37585
Sandbox: Unexpected EOF, op 0 flags 00 path /proc/cpuinfo
1667804612686	geckodriver	INFO	Listening on 127.0.0.1:44065
1667804613216	mozrunner::runner	INFO	Running command: "/usr/bin/firefox" "--marionette" "--remote-debugging-port" "55387" "--remote-allow-hosts" "localhost" "-no-remote" "-profile" "/tmp/rust_mozprofileibCExz"
[GFX1-]: glxtest: VA-API test failed: failed to initialise VAAPI connection.
ATTENTION: default value of option mesa_glthread overridden by environment.
ATTENTION: default value of option mesa_glthread overridden by environment.
ATTENTION: default value of option mesa_glthread overridden by environment.
ATTENTION: default value of option mesa_glthread overridden by environment.
1667804613595	Marionette	INFO	Marionette enabled
1667804613597	Marionette	INFO	Listening on port 38905
Read port: 38905
WebDriver BiDi listening on ws://127.0.0.1:55387
1667804613661	RemoteAgent	WARN	TLS certificate errors will be ignored for this session
console.warn: SearchSettings: "get: No settings file exists, new profile?" (new NotFoundError("Could not open the file at /tmp/rust_mozprofileibCExz/search.json.mozlz4", (void 0)))
DevTools listening on ws://127.0.0.1:55387/devtools/browser/fdc7880a-8e12-4e97-8bda-342ea92d0b15
JavaScript error: resource://gre/modules/URIFixup.jsm, line 307: NS_ERROR_FAILURE: Should pass a non-null uri
JavaScript warning: https://assets.adobedtm.com/a5ea4e8f4344/ad980dca528c/launch-d09242b2f3a2.min.js, line 6: WEBGL_debug_renderer_info is deprecated in Firefox and will be removed. Please use RENDERER.
JavaScript warning: https://pagead2.googlesyndication.com/bg/PTWQOrfCOp17EyrMcPeT6PfhP85_faJCCfTgkqMfTIQ.js line 2 > eval line 4388 > eval line 1 > eval line 1 > eval, line 1: WEBGL_debug_renderer_info is deprecated in Firefox and will be removed. Please use RENDERER.
1667804619684	Marionette	INFO	Stopped listening on port 38905
1667805129610	geckodriver	INFO	Listening on 127.0.0.1:60367
1667805130142	mozrunner::runner	INFO	Running command: "/usr/bin/firefox" "--marionette" "--remote-debugging-port" "44953" "--remote-allow-hosts" "localhost" "-no-remote" "-profile" "/tmp/rust_mozprofileL517Rk"
[GFX1-]: glxtest: VA-API test failed: failed to initialise VAAPI connection.
ATTENTION: default value of option mesa_glthread overridden by environment.
ATTENTION: default value of option mesa_glthread overridden by environment.
ATTENTION: default value of option mesa_glthread overridden by environment.
ATTENTION: default value of option mesa_glthread overridden by environment.
1667805130535	Marionette	INFO	Marionette enabled
1667805130538	Marionette	INFO	Listening on port 33567
Read port: 33567
WebDriver BiDi listening on ws://127.0.0.1:44953
1667805130601	RemoteAgent	WARN	TLS certificate errors will be ignored for this session
console.warn: SearchSettings: "get: No settings file exists, new profile?" (new NotFoundError("Could not open the file at /tmp/rust_mozprofileL517Rk/search.json.mozlz4", (void 0)))
DevTools listening on ws://127.0.0.1:44953/devtools/browser/eda5c2d2-1e17-4558-a57d-8e0fa2b95b95
JavaScript error: resource://gre/modules/URIFixup.jsm, line 307: NS_ERROR_FAILURE: Should pass a non-null uri
JavaScript warning: https://assets.adobedtm.com/a5ea4e8f4344/ad980dca528c/launch-d09242b2f3a2.min.js, line 6: WEBGL_debug_renderer_info is deprecated in Firefox and will be removed. Please use RENDERER.
JavaScript warning: https://pagead2.googlesyndication.com/bg/PTWQOrfCOp17EyrMcPeT6PfhP85_faJCCfTgkqMfTIQ.js line 2 > eval line 3402 > eval line 1 > eval line 1 > eval, line 1: WEBGL_debug_renderer_info is deprecated in Firefox and will be removed. Please use RENDERER.
1667805136633	Marionette	INFO	Stopped listening on port 33567
JavaScript error: resource://devtools/client/jsonview/Sniffer.sys.mjs, line 50: NS_ERROR_NOT_AVAILABLE: Component returned failure code: 0x80040111 (NS_ERROR_NOT_AVAILABLE) [nsIChannel.contentType]
1667805228630	geckodriver	INFO	Listening on 127.0.0.1:43705
1667805229161	mozrunner::runner	INFO	Running command: "/usr/bin/firefox" "--marionette" "--remote-debugging-port" "38863" "--remote-allow-hosts" "localhost" "-no-remote" "-profile" "/tmp/rust_mozprofile3Pz7j1"
[GFX1-]: glxtest: VA-API test failed: failed to initialise VAAPI connection.
ATTENTION: default value of option mesa_glthread overridden by environment.
ATTENTION: default value of option mesa_glthread overridden by environment.
ATTENTION: default value of option mesa_glthread overridden by environment.
ATTENTION: default value of option mesa_glthread overridden by environment.
1667805229545	Marionette	INFO	Marionette enabled
1667805229547	Marionette	INFO	Listening on port 39457
Read port: 39457
WebDriver BiDi listening on ws://127.0.0.1:38863
1667805229611	RemoteAgent	WARN	TLS certificate errors will be ignored for this session
console.warn: SearchSettings: "get: No settings file exists, new profile?" (new NotFoundError("Could not open the file at /tmp/rust_mozprofile3Pz7j1/search.json.mozlz4", (void 0)))
DevTools listening on ws://127.0.0.1:38863/devtools/browser/76a17d44-3400-4d64-9e32-5e63e0855b41
1667805265475	Marionette	INFO	Stopped listening on port 39457
console.warn: TopSitesFeed: Failed to fetch data from Contile server: NetworkError when attempting to fetch resource.
Sandbox: Unexpected EOF, op 0 flags 00 path /proc/cpuinfo
1667805269500	geckodriver	INFO	Listening on 127.0.0.1:44571
1667805270045	mozrunner::runner	INFO	Running command: "/usr/bin/firefox" "--marionette" "--remote-debugging-port" "56293" "--remote-allow-hosts" "localhost" "-no-remote" "-profile" "/tmp/rust_mozprofilejl4BY0"
[GFX1-]: glxtest: VA-API test failed: failed to initialise VAAPI connection.
ATTENTION: default value of option mesa_glthread overridden by environment.
ATTENTION: default value of option mesa_glthread overridden by environment.
ATTENTION: default value of option mesa_glthread overridden by environment.
ATTENTION: default value of option mesa_glthread overridden by environment.
1667805270423	Marionette	INFO	Marionette enabled
1667805270425	Marionette	INFO	Listening on port 37849
Read port: 37849
WebDriver BiDi listening on ws://127.0.0.1:56293
1667805270489	RemoteAgent	WARN	TLS certificate errors will be ignored for this session
console.warn: SearchSettings: "get: No settings file exists, new profile?" (new NotFoundError("Could not open the file at /tmp/rust_mozprofilejl4BY0/search.json.mozlz4", (void 0)))
DevTools listening on ws://127.0.0.1:56293/devtools/browser/68714212-79cb-4b1a-9907-6d06e061798e
JavaScript error: resource://gre/modules/URIFixup.jsm, line 307: NS_ERROR_FAILURE: Should pass a non-null uri
JavaScript warning: https://assets.adobedtm.com/a5ea4e8f4344/ad980dca528c/launch-d09242b2f3a2.min.js, line 6: WEBGL_debug_renderer_info is deprecated in Firefox and will be removed. Please use RENDERER.
JavaScript warning: https://pagead2.googlesyndication.com/bg/PTWQOrfCOp17EyrMcPeT6PfhP85_faJCCfTgkqMfTIQ.js line 2 > eval line 5069 > eval line 1 > eval line 1 > eval, line 1: WEBGL_debug_renderer_info is deprecated in Firefox and will be removed. Please use RENDERER.
1667805276661	Marionette	INFO	Stopped listening on port 37849
1667805288677	geckodriver	INFO	Listening on 127.0.0.1:39323
1667805289219	mozrunner::runner	INFO	Running command: "/usr/bin/firefox" "--marionette" "--remote-debugging-port" "54181" "--remote-allow-hosts" "localhost" "-no-remote" "-profile" "/tmp/rust_mozprofilekN0I3u"
[GFX1-]: glxtest: VA-API test failed: failed to initialise VAAPI connection.
ATTENTION: default value of option mesa_glthread overridden by environment.
ATTENTION: default value of option mesa_glthread overridden by environment.
ATTENTION: default value of option mesa_glthread overridden by environment.
ATTENTION: default value of option mesa_glthread overridden by environment.
1667805289601	Marionette	INFO	Marionette enabled
1667805289603	Marionette	INFO	Listening on port 46059
Read port: 46059
WebDriver BiDi listening on ws://127.0.0.1:54181
1667805289666	RemoteAgent	WARN	TLS certificate errors will be ignored for this session
console.warn: SearchSettings: "get: No settings file exists, new profile?" (new NotFoundError("Could not open the file at /tmp/rust_mozprofilekN0I3u/search.json.mozlz4", (void 0)))
DevTools listening on ws://127.0.0.1:54181/devtools/browser/155e5394-89ea-4788-b4e0-35bf3adfb363
JavaScript error: resource://gre/modules/URIFixup.jsm, line 307: NS_ERROR_FAILURE: Should pass a non-null uri
JavaScript warning: https://assets.adobedtm.com/a5ea4e8f4344/ad980dca528c/launch-d09242b2f3a2.min.js, line 6: WEBGL_debug_renderer_info is deprecated in Firefox and will be removed. Please use RENDERER.
JavaScript warning: https://cdns.us1.gigya.com/js/gigya.js?apikey=4_6sqKg07tq1sShaHq5PzfmQ, line 79: Using //@ to indicate sourceURL pragmas is deprecated. Use //# instead
JavaScript warning: https://pagead2.googlesyndication.com/bg/PTWQOrfCOp17EyrMcPeT6PfhP85_faJCCfTgkqMfTIQ.js line 2 > eval line 1898 > eval line 1 > eval line 1 > eval, line 1: WEBGL_debug_renderer_info is deprecated in Firefox and will be removed. Please use RENDERER.
1667805301668	Marionette	INFO	Stopped listening on port 46059
JavaScript error: resource://gre/modules/Sqlite.jsm, line 1108: Error: Sqlite.jsm has been shutdown. Cannot open connection to: /tmp/rust_mozprofilekN0I3u/protections.sqlite
1667805302385	geckodriver	INFO	Listening on 127.0.0.1:48213
1667805302932	mozrunner::runner	INFO	Running command: "/usr/bin/firefox" "--marionette" "--remote-debugging-port" "40335" "--remote-allow-hosts" "localhost" "-no-remote" "-profile" "/tmp/rust_mozprofileemopiM"
[GFX1-]: glxtest: VA-API test failed: failed to initialise VAAPI connection.
ATTENTION: default value of option mesa_glthread overridden by environment.
ATTENTION: default value of option mesa_glthread overridden by environment.
ATTENTION: default value of option mesa_glthread overridden by environment.
ATTENTION: default value of option mesa_glthread overridden by environment.
1667805303316	Marionette	INFO	Marionette enabled
1667805303319	Marionette	INFO	Listening on port 46593
Read port: 46593
WebDriver BiDi listening on ws://127.0.0.1:40335
1667805303383	RemoteAgent	WARN	TLS certificate errors will be ignored for this session
console.warn: SearchSettings: "get: No settings file exists, new profile?" (new NotFoundError("Could not open the file at /tmp/rust_mozprofileemopiM/search.json.mozlz4", (void 0)))
DevTools listening on ws://127.0.0.1:40335/devtools/browser/f84ea78d-b3f9-4ab2-9654-1b4c80d3e1a8
JavaScript error: resource://gre/modules/URIFixup.jsm, line 307: NS_ERROR_FAILURE: Should pass a non-null uri
JavaScript warning: https://assets.adobedtm.com/a5ea4e8f4344/ad980dca528c/launch-d09242b2f3a2.min.js, line 6: WEBGL_debug_renderer_info is deprecated in Firefox and will be removed. Please use RENDERER.
JavaScript warning: https://pagead2.googlesyndication.com/bg/PTWQOrfCOp17EyrMcPeT6PfhP85_faJCCfTgkqMfTIQ.js line 2 > eval line 3975 > eval line 1 > eval line 1 > eval, line 1: WEBGL_debug_renderer_info is deprecated in Firefox and will be removed. Please use RENDERER.
1667805399854	Marionette	INFO	Stopped listening on port 46593
JavaScript error: resource://gre/modules/Sqlite.jsm, line 1108: Error: Sqlite.jsm has been shutdown. Cannot open connection to: /tmp/rust_mozprofileemopiM/protections.sqlite
1667805400867	geckodriver	INFO	Listening on 127.0.0.1:57485
1667805401405	mozrunner::runner	INFO	Running command: "/usr/bin/firefox" "--marionette" "--remote-debugging-port" "34287" "--remote-allow-hosts" "localhost" "-no-remote" "-profile" "/tmp/rust_mozprofileOYSPFk"
[GFX1-]: glxtest: VA-API test failed: failed to initialise VAAPI connection.
ATTENTION: default value of option mesa_glthread overridden by environment.
ATTENTION: default value of option mesa_glthread overridden by environment.
ATTENTION: default value of option mesa_glthread overridden by environment.
ATTENTION: default value of option mesa_glthread overridden by environment.
1667805401800	Marionette	INFO	Marionette enabled
1667805401802	Marionette	INFO	Listening on port 41855
Read port: 41855
WebDriver BiDi listening on ws://127.0.0.1:34287
1667805401866	RemoteAgent	WARN	TLS certificate errors will be ignored for this session
console.warn: SearchSettings: "get: No settings file exists, new profile?" (new NotFoundError("Could not open the file at /tmp/rust_mozprofileOYSPFk/search.json.mozlz4", (void 0)))
DevTools listening on ws://127.0.0.1:34287/devtools/browser/db9aeaba-b3dc-49b3-bc54-b1c14ed20ee5
JavaScript error: resource://gre/modules/URIFixup.jsm, line 307: NS_ERROR_FAILURE: Should pass a non-null uri
JavaScript warning: https://assets.adobedtm.com/a5ea4e8f4344/ad980dca528c/launch-d09242b2f3a2.min.js, line 6: WEBGL_debug_renderer_info is deprecated in Firefox and will be removed. Please use RENDERER.
JavaScript warning: https://pagead2.googlesyndication.com/bg/PTWQOrfCOp17EyrMcPeT6PfhP85_faJCCfTgkqMfTIQ.js line 2 > eval line 6702 > eval line 1 > eval line 1 > eval, line 1: WEBGL_debug_renderer_info is deprecated in Firefox and will be removed. Please use RENDERER.
1667805407642	Marionette	INFO	Stopped listening on port 41855
1667805870013	geckodriver	INFO	Listening on 127.0.0.1:56257
1667805870559	mozrunner::runner	INFO	Running command: "/usr/bin/firefox" "--marionette" "--remote-debugging-port" "49859" "--remote-allow-hosts" "localhost" "-no-remote" "-profile" "/tmp/rust_mozprofilexUUtHK"
[GFX1-]: glxtest: VA-API test failed: failed to initialise VAAPI connection.
ATTENTION: default value of option mesa_glthread overridden by environment.
ATTENTION: default value of option mesa_glthread overridden by environment.
ATTENTION: default value of option mesa_glthread overridden by environment.
ATTENTION: default value of option mesa_glthread overridden by environment.
1667805870944	Marionette	INFO	Marionette enabled
1667805870946	Marionette	INFO	Listening on port 36881
Read port: 36881
WebDriver BiDi listening on ws://127.0.0.1:49859
1667805871009	RemoteAgent	WARN	TLS certificate errors will be ignored for this session
console.warn: SearchSettings: "get: No settings file exists, new profile?" (new NotFoundError("Could not open the file at /tmp/rust_mozprofilexUUtHK/search.json.mozlz4", (void 0)))
DevTools listening on ws://127.0.0.1:49859/devtools/browser/920b92ad-c283-43ca-b712-d5c7bc2e46e9
JavaScript error: resource://gre/modules/URIFixup.jsm, line 307: NS_ERROR_FAILURE: Should pass a non-null uri
JavaScript warning: https://assets.adobedtm.com/a5ea4e8f4344/ad980dca528c/launch-d09242b2f3a2.min.js, line 6: WEBGL_debug_renderer_info is deprecated in Firefox and will be removed. Please use RENDERER.
JavaScript warning: https://pagead2.googlesyndication.com/bg/PTWQOrfCOp17EyrMcPeT6PfhP85_faJCCfTgkqMfTIQ.js line 2 > eval line 2011 > eval line 1 > eval line 1 > eval, line 1: WEBGL_debug_renderer_info is deprecated in Firefox and will be removed. Please use RENDERER.
1667805880948	Marionette	INFO	Stopped listening on port 36881
JavaScript error: resource://gre/modules/Sqlite.jsm, line 1108: Error: Sqlite.jsm has been shutdown. Cannot open connection to: /tmp/rust_mozprofilexUUtHK/protections.sqlite
1667805881652	geckodriver	INFO	Listening on 127.0.0.1:55175
1667805882182	mozrunner::runner	INFO	Running command: "/usr/bin/firefox" "--marionette" "--remote-debugging-port" "52433" "--remote-allow-hosts" "localhost" "-no-remote" "-profile" "/tmp/rust_mozprofileKR8Cyl"
[GFX1-]: glxtest: VA-API test failed: failed to initialise VAAPI connection.
ATTENTION: default value of option mesa_glthread overridden by environment.
ATTENTION: default value of option mesa_glthread overridden by environment.
ATTENTION: default value of option mesa_glthread overridden by environment.
ATTENTION: default value of option mesa_glthread overridden by environment.
1667805882562	Marionette	INFO	Marionette enabled
1667805882564	Marionette	INFO	Listening on port 34751
Read port: 34751
WebDriver BiDi listening on ws://127.0.0.1:52433
1667805882627	RemoteAgent	WARN	TLS certificate errors will be ignored for this session
console.warn: SearchSettings: "get: No settings file exists, new profile?" (new NotFoundError("Could not open the file at /tmp/rust_mozprofileKR8Cyl/search.json.mozlz4", (void 0)))
DevTools listening on ws://127.0.0.1:52433/devtools/browser/b4e87b5a-64f3-4903-be04-3a914f06b9b2
JavaScript error: resource://gre/modules/URIFixup.jsm, line 307: NS_ERROR_FAILURE: Should pass a non-null uri
JavaScript warning: https://assets.adobedtm.com/a5ea4e8f4344/ad980dca528c/launch-d09242b2f3a2.min.js, line 6: WEBGL_debug_renderer_info is deprecated in Firefox and will be removed. Please use RENDERER.
1667805888687	Marionette	INFO	Stopped listening on port 34751
JavaScript error: resource://gre/modules/Sqlite.jsm, line 1108: Error: Sqlite.jsm has been shutdown. Cannot open connection to: /tmp/rust_mozprofileKR8Cyl/protections.sqlite
1667805891412	geckodriver	INFO	Listening on 127.0.0.1:53147
1667805891959	mozrunner::runner	INFO	Running command: "/usr/bin/firefox" "--marionette" "--remote-debugging-port" "54263" "--remote-allow-hosts" "localhost" "-no-remote" "-profile" "/tmp/rust_mozprofileCiHQqO"
[GFX1-]: glxtest: VA-API test failed: failed to initialise VAAPI connection.
ATTENTION: default value of option mesa_glthread overridden by environment.
ATTENTION: default value of option mesa_glthread overridden by environment.
ATTENTION: default value of option mesa_glthread overridden by environment.
ATTENTION: default value of option mesa_glthread overridden by environment.
1667805892337	Marionette	INFO	Marionette enabled
1667805892339	Marionette	INFO	Listening on port 40803
Read port: 40803
WebDriver BiDi listening on ws://127.0.0.1:54263
1667805892403	RemoteAgent	WARN	TLS certificate errors will be ignored for this session
console.warn: SearchSettings: "get: No settings file exists, new profile?" (new NotFoundError("Could not open the file at /tmp/rust_mozprofileCiHQqO/search.json.mozlz4", (void 0)))
DevTools listening on ws://127.0.0.1:54263/devtools/browser/a35deceb-4289-4bc2-b470-69f36f5bac2c
JavaScript error: resource://gre/modules/URIFixup.jsm, line 307: NS_ERROR_FAILURE: Should pass a non-null uri
JavaScript warning: https://assets.adobedtm.com/a5ea4e8f4344/ad980dca528c/launch-d09242b2f3a2.min.js, line 6: WEBGL_debug_renderer_info is deprecated in Firefox and will be removed. Please use RENDERER.
JavaScript warning: https://pagead2.googlesyndication.com/bg/PTWQOrfCOp17EyrMcPeT6PfhP85_faJCCfTgkqMfTIQ.js line 2 > eval line 7277 > eval line 1 > eval line 1 > eval, line 1: WEBGL_debug_renderer_info is deprecated in Firefox and will be removed. Please use RENDERER.
1667805897965	Marionette	INFO	Stopped listening on port 40803
1667805953757	geckodriver	INFO	Listening on 127.0.0.1:32931
1667805954302	mozrunner::runner	INFO	Running command: "/usr/bin/firefox" "--marionette" "--remote-debugging-port" "41247" "--remote-allow-hosts" "localhost" "-no-remote" "-profile" "/tmp/rust_mozprofileQT0pum"
[GFX1-]: glxtest: VA-API test failed: failed to initialise VAAPI connection.
ATTENTION: default value of option mesa_glthread overridden by environment.
ATTENTION: default value of option mesa_glthread overridden by environment.
ATTENTION: default value of option mesa_glthread overridden by environment.
ATTENTION: default value of option mesa_glthread overridden by environment.
1667805954683	Marionette	INFO	Marionette enabled
1667805954685	Marionette	INFO	Listening on port 38719
Read port: 38719
WebDriver BiDi listening on ws://127.0.0.1:41247
1667805954747	RemoteAgent	WARN	TLS certificate errors will be ignored for this session
console.warn: SearchSettings: "get: No settings file exists, new profile?" (new NotFoundError("Could not open the file at /tmp/rust_mozprofileQT0pum/search.json.mozlz4", (void 0)))
DevTools listening on ws://127.0.0.1:41247/devtools/browser/08589df0-9a20-409a-b2eb-704033e06d84
JavaScript error: resource://gre/modules/URIFixup.jsm, line 307: NS_ERROR_FAILURE: Should pass a non-null uri
JavaScript warning: https://assets.adobedtm.com/a5ea4e8f4344/ad980dca528c/launch-d09242b2f3a2.min.js, line 6: WEBGL_debug_renderer_info is deprecated in Firefox and will be removed. Please use RENDERER.
1667805960058	Marionette	INFO	Stopped listening on port 38719
JavaScript error: resource://gre/modules/Sqlite.jsm, line 1108: Error: Sqlite.jsm has been shutdown. Cannot open connection to: /tmp/rust_mozprofileQT0pum/protections.sqlite
1667805960784	geckodriver	INFO	Listening on 127.0.0.1:50445
1667805961315	mozrunner::runner	INFO	Running command: "/usr/bin/firefox" "--marionette" "--remote-debugging-port" "56027" "--remote-allow-hosts" "localhost" "-no-remote" "-profile" "/tmp/rust_mozprofileQzIOiR"
[GFX1-]: glxtest: VA-API test failed: failed to initialise VAAPI connection.
ATTENTION: default value of option mesa_glthread overridden by environment.
ATTENTION: default value of option mesa_glthread overridden by environment.
ATTENTION: default value of option mesa_glthread overridden by environment.
ATTENTION: default value of option mesa_glthread overridden by environment.
1667805961693	Marionette	INFO	Marionette enabled
1667805961695	Marionette	INFO	Listening on port 35345
Read port: 35345
WebDriver BiDi listening on ws://127.0.0.1:56027
1667805961761	RemoteAgent	WARN	TLS certificate errors will be ignored for this session
console.warn: SearchSettings: "get: No settings file exists, new profile?" (new NotFoundError("Could not open the file at /tmp/rust_mozprofileQzIOiR/search.json.mozlz4", (void 0)))
DevTools listening on ws://127.0.0.1:56027/devtools/browser/4e0df130-52dc-45cb-83da-dcedfadcdd91
JavaScript error: resource://gre/modules/URIFixup.jsm, line 307: NS_ERROR_FAILURE: Should pass a non-null uri
JavaScript warning: https://assets.adobedtm.com/a5ea4e8f4344/ad980dca528c/launch-d09242b2f3a2.min.js, line 6: WEBGL_debug_renderer_info is deprecated in Firefox and will be removed. Please use RENDERER.
1667805966577	Marionette	INFO	Stopped listening on port 35345
JavaScript error: resource://gre/modules/Sqlite.jsm, line 1108: Error: Sqlite.jsm has been shutdown. Cannot open connection to: /tmp/rust_mozprofileQzIOiR/protections.sqlite
1667805969302	geckodriver	INFO	Listening on 127.0.0.1:47137
1667805969842	mozrunner::runner	INFO	Running command: "/usr/bin/firefox" "--marionette" "--remote-debugging-port" "49113" "--remote-allow-hosts" "localhost" "-no-remote" "-profile" "/tmp/rust_mozprofileUybgQd"
[GFX1-]: glxtest: VA-API test failed: failed to initialise VAAPI connection.
ATTENTION: default value of option mesa_glthread overridden by environment.
ATTENTION: default value of option mesa_glthread overridden by environment.
ATTENTION: default value of option mesa_glthread overridden by environment.
ATTENTION: default value of option mesa_glthread overridden by environment.
1667805970222	Marionette	INFO	Marionette enabled
1667805970224	Marionette	INFO	Listening on port 41793
Read port: 41793
WebDriver BiDi listening on ws://127.0.0.1:49113
1667805970287	RemoteAgent	WARN	TLS certificate errors will be ignored for this session
console.warn: SearchSettings: "get: No settings file exists, new profile?" (new NotFoundError("Could not open the file at /tmp/rust_mozprofileUybgQd/search.json.mozlz4", (void 0)))
DevTools listening on ws://127.0.0.1:49113/devtools/browser/dfe68f2b-6c8c-49f0-a328-9c3d03d067fa
JavaScript error: resource://gre/modules/URIFixup.jsm, line 307: NS_ERROR_FAILURE: Should pass a non-null uri
JavaScript warning: https://assets.adobedtm.com/a5ea4e8f4344/ad980dca528c/launch-d09242b2f3a2.min.js, line 6: WEBGL_debug_renderer_info is deprecated in Firefox and will be removed. Please use RENDERER.
1667805974754	Marionette	INFO	Stopped listening on port 41793
JavaScript error: resource://gre/modules/Sqlite.jsm, line 1108: Error: Sqlite.jsm has been shutdown. Cannot open connection to: /tmp/rust_mozprofileUybgQd/protections.sqlite
1667806020507	geckodriver	INFO	Listening on 127.0.0.1:49259
1667806021052	mozrunner::runner	INFO	Running command: "/usr/bin/firefox" "--marionette" "--remote-debugging-port" "46877" "--remote-allow-hosts" "localhost" "-no-remote" "-profile" "/tmp/rust_mozprofileAbSHiF"
[GFX1-]: glxtest: VA-API test failed: failed to initialise VAAPI connection.
ATTENTION: default value of option mesa_glthread overridden by environment.
ATTENTION: default value of option mesa_glthread overridden by environment.
ATTENTION: default value of option mesa_glthread overridden by environment.
ATTENTION: default value of option mesa_glthread overridden by environment.
1667806021433	Marionette	INFO	Marionette enabled
1667806021435	Marionette	INFO	Listening on port 40847
Read port: 40847
WebDriver BiDi listening on ws://127.0.0.1:46877
1667806021499	RemoteAgent	WARN	TLS certificate errors will be ignored for this session
console.warn: SearchSettings: "get: No settings file exists, new profile?" (new NotFoundError("Could not open the file at /tmp/rust_mozprofileAbSHiF/search.json.mozlz4", (void 0)))
DevTools listening on ws://127.0.0.1:46877/devtools/browser/8830b2dd-0e2e-40fd-bc0c-80e0d14020e3
JavaScript error: resource://gre/modules/URIFixup.jsm, line 307: NS_ERROR_FAILURE: Should pass a non-null uri
JavaScript warning: https://assets.adobedtm.com/a5ea4e8f4344/ad980dca528c/launch-d09242b2f3a2.min.js, line 6: WEBGL_debug_renderer_info is deprecated in Firefox and will be removed. Please use RENDERER.
1667806031031	Marionette	INFO	Stopped listening on port 40847
JavaScript error: resource://gre/modules/Sqlite.jsm, line 1108: Error: Sqlite.jsm has been shutdown. Cannot open connection to: /tmp/rust_mozprofileAbSHiF/protections.sqlite
1667806031770	geckodriver	INFO	Listening on 127.0.0.1:32961
1667806032315	mozrunner::runner	INFO	Running command: "/usr/bin/firefox" "--marionette" "--remote-debugging-port" "38419" "--remote-allow-hosts" "localhost" "-no-remote" "-profile" "/tmp/rust_mozprofilez8Ysao"
[GFX1-]: glxtest: VA-API test failed: failed to initialise VAAPI connection.
ATTENTION: default value of option mesa_glthread overridden by environment.
ATTENTION: default value of option mesa_glthread overridden by environment.
ATTENTION: default value of option mesa_glthread overridden by environment.
ATTENTION: default value of option mesa_glthread overridden by environment.
1667806032698	Marionette	INFO	Marionette enabled
1667806032700	Marionette	INFO	Listening on port 39749
Read port: 39749
WebDriver BiDi listening on ws://127.0.0.1:38419
1667806032765	RemoteAgent	WARN	TLS certificate errors will be ignored for this session
console.warn: SearchSettings: "get: No settings file exists, new profile?" (new NotFoundError("Could not open the file at /tmp/rust_mozprofilez8Ysao/search.json.mozlz4", (void 0)))
DevTools listening on ws://127.0.0.1:38419/devtools/browser/b7de6b10-203b-4560-9d39-306862df1659
JavaScript error: resource://gre/modules/URIFixup.jsm, line 307: NS_ERROR_FAILURE: Should pass a non-null uri
JavaScript warning: https://assets.adobedtm.com/a5ea4e8f4344/ad980dca528c/launch-d09242b2f3a2.min.js, line 6: WEBGL_debug_renderer_info is deprecated in Firefox and will be removed. Please use RENDERER.
Exiting due to channel error.
Exiting due to channel error.
Exiting due to channel error.
1667806049046	geckodriver	INFO	Listening on 127.0.0.1:49103
1667806049585	mozrunner::runner	INFO	Running command: "/usr/bin/firefox" "--marionette" "--remote-debugging-port" "53199" "--remote-allow-hosts" "localhost" "-no-remote" "-profile" "/tmp/rust_mozprofileDl7uYo"
[GFX1-]: glxtest: VA-API test failed: failed to initialise VAAPI connection.
ATTENTION: default value of option mesa_glthread overridden by environment.
ATTENTION: default value of option mesa_glthread overridden by environment.
ATTENTION: default value of option mesa_glthread overridden by environment.
ATTENTION: default value of option mesa_glthread overridden by environment.
1667806050015	Marionette	INFO	Marionette enabled
1667806050024	Marionette	INFO	Listening on port 44463
Read port: 44463
WebDriver BiDi listening on ws://127.0.0.1:53199
1667806050137	RemoteAgent	WARN	TLS certificate errors will be ignored for this session
console.warn: SearchSettings: "get: No settings file exists, new profile?" (new NotFoundError("Could not open the file at /tmp/rust_mozprofileDl7uYo/search.json.mozlz4", (void 0)))
DevTools listening on ws://127.0.0.1:53199/devtools/browser/8109ba85-9165-457e-87f3-276cf3976984
JavaScript error: resource://gre/modules/URIFixup.jsm, line 307: NS_ERROR_FAILURE: Should pass a non-null uri
JavaScript warning: https://assets.adobedtm.com/a5ea4e8f4344/ad980dca528c/launch-d09242b2f3a2.min.js, line 6: WEBGL_debug_renderer_info is deprecated in Firefox and will be removed. Please use RENDERER.
JavaScript warning: https://pagead2.googlesyndication.com/bg/PTWQOrfCOp17EyrMcPeT6PfhP85_faJCCfTgkqMfTIQ.js line 2 > eval line 2251 > eval line 1 > eval line 1 > eval, line 1: WEBGL_debug_renderer_info is deprecated in Firefox and will be removed. Please use RENDERER.
1667806059189	Marionette	INFO	Stopped listening on port 44463
1667806063420	geckodriver	INFO	Listening on 127.0.0.1:40483
1667806063945	mozrunner::runner	INFO	Running command: "/usr/bin/firefox" "--marionette" "--remote-debugging-port" "58131" "--remote-allow-hosts" "localhost" "-no-remote" "-profile" "/tmp/rust_mozprofilelHbXIe"
[GFX1-]: glxtest: VA-API test failed: failed to initialise VAAPI connection.
ATTENTION: default value of option mesa_glthread overridden by environment.
ATTENTION: default value of option mesa_glthread overridden by environment.
ATTENTION: default value of option mesa_glthread overridden by environment.
ATTENTION: default value of option mesa_glthread overridden by environment.
1667806064327	Marionette	INFO	Marionette enabled
1667806064329	Marionette	INFO	Listening on port 43147
Read port: 43147
WebDriver BiDi listening on ws://127.0.0.1:58131
1667806064392	RemoteAgent	WARN	TLS certificate errors will be ignored for this session
console.warn: SearchSettings: "get: No settings file exists, new profile?" (new NotFoundError("Could not open the file at /tmp/rust_mozprofilelHbXIe/search.json.mozlz4", (void 0)))
DevTools listening on ws://127.0.0.1:58131/devtools/browser/642c3dcf-3ac8-44da-9616-d248ba75898f
JavaScript error: resource://gre/modules/URIFixup.jsm, line 307: NS_ERROR_FAILURE: Should pass a non-null uri
JavaScript warning: https://assets.adobedtm.com/a5ea4e8f4344/ad980dca528c/launch-d09242b2f3a2.min.js, line 6: WEBGL_debug_renderer_info is deprecated in Firefox and will be removed. Please use RENDERER.
JavaScript warning: https://pagead2.googlesyndication.com/bg/PTWQOrfCOp17EyrMcPeT6PfhP85_faJCCfTgkqMfTIQ.js line 2 > eval line 5404 > eval line 1 > eval line 1 > eval, line 1: WEBGL_debug_renderer_info is deprecated in Firefox and will be removed. Please use RENDERER.
1667806071127	Marionette	INFO	Stopped listening on port 43147
JavaScript error: resource://gre/modules/Sqlite.jsm, line 1108: Error: Sqlite.jsm has been shutdown. Cannot open connection to: /tmp/rust_mozprofilelHbXIe/protections.sqlite
1667806072219	geckodriver	INFO	Listening on 127.0.0.1:46749
1667806072765	mozrunner::runner	INFO	Running command: "/usr/bin/firefox" "--marionette" "--remote-debugging-port" "59669" "--remote-allow-hosts" "localhost" "-no-remote" "-profile" "/tmp/rust_mozprofileqGfZOA"
[GFX1-]: glxtest: VA-API test failed: failed to initialise VAAPI connection.
ATTENTION: default value of option mesa_glthread overridden by environment.
ATTENTION: default value of option mesa_glthread overridden by environment.
ATTENTION: default value of option mesa_glthread overridden by environment.
ATTENTION: default value of option mesa_glthread overridden by environment.
1667806073158	Marionette	INFO	Marionette enabled
1667806073160	Marionette	INFO	Listening on port 39821
Read port: 39821
WebDriver BiDi listening on ws://127.0.0.1:59669
1667806073224	RemoteAgent	WARN	TLS certificate errors will be ignored for this session
console.warn: SearchSettings: "get: No settings file exists, new profile?" (new NotFoundError("Could not open the file at /tmp/rust_mozprofileqGfZOA/search.json.mozlz4", (void 0)))
DevTools listening on ws://127.0.0.1:59669/devtools/browser/22bcbf7f-5a38-4c15-96b0-b05db98b9111
JavaScript error: resource://gre/modules/URIFixup.jsm, line 307: NS_ERROR_FAILURE: Should pass a non-null uri
JavaScript warning: https://assets.adobedtm.com/a5ea4e8f4344/ad980dca528c/launch-d09242b2f3a2.min.js, line 6: WEBGL_debug_renderer_info is deprecated in Firefox and will be removed. Please use RENDERER.
JavaScript warning: https://pagead2.googlesyndication.com/bg/PTWQOrfCOp17EyrMcPeT6PfhP85_faJCCfTgkqMfTIQ.js line 2 > eval line 825 > eval line 1 > eval line 1 > eval, line 1: WEBGL_debug_renderer_info is deprecated in Firefox and will be removed. Please use RENDERER.
1667806078856	Marionette	INFO	Stopped listening on port 39821
JavaScript error: resource://gre/modules/Sqlite.jsm, line 1108: Error: Sqlite.jsm has been shutdown. Cannot open connection to: /tmp/rust_mozprofileqGfZOA/protections.sqlite
1667806081589	geckodriver	INFO	Listening on 127.0.0.1:40123
1667806082135	mozrunner::runner	INFO	Running command: "/usr/bin/firefox" "--marionette" "--remote-debugging-port" "34021" "--remote-allow-hosts" "localhost" "-no-remote" "-profile" "/tmp/rust_mozprofilesBLdEJ"
[GFX1-]: glxtest: VA-API test failed: failed to initialise VAAPI connection.
ATTENTION: default value of option mesa_glthread overridden by environment.
ATTENTION: default value of option mesa_glthread overridden by environment.
ATTENTION: default value of option mesa_glthread overridden by environment.
ATTENTION: default value of option mesa_glthread overridden by environment.
1667806082521	Marionette	INFO	Marionette enabled
1667806082523	Marionette	INFO	Listening on port 43147
Read port: 43147
WebDriver BiDi listening on ws://127.0.0.1:34021
1667806082587	RemoteAgent	WARN	TLS certificate errors will be ignored for this session
console.warn: SearchSettings: "get: No settings file exists, new profile?" (new NotFoundError("Could not open the file at /tmp/rust_mozprofilesBLdEJ/search.json.mozlz4", (void 0)))
DevTools listening on ws://127.0.0.1:34021/devtools/browser/583befa7-3b1e-4c1a-a66c-78358b26872d
JavaScript error: resource://gre/modules/URIFixup.jsm, line 307: NS_ERROR_FAILURE: Should pass a non-null uri
JavaScript warning: https://assets.adobedtm.com/a5ea4e8f4344/ad980dca528c/launch-d09242b2f3a2.min.js, line 6: WEBGL_debug_renderer_info is deprecated in Firefox and will be removed. Please use RENDERER.
JavaScript warning: https://pagead2.googlesyndication.com/bg/PTWQOrfCOp17EyrMcPeT6PfhP85_faJCCfTgkqMfTIQ.js line 2 > eval line 6327 > eval line 1 > eval line 1 > eval, line 1: WEBGL_debug_renderer_info is deprecated in Firefox and will be removed. Please use RENDERER.
1667806096456	Marionette	INFO	Stopped listening on port 43147
Sandbox: Unexpected EOF, op 0 flags 00 path /proc/cpuinfo
1667806175730	geckodriver	INFO	Listening on 127.0.0.1:46683
1667806176275	mozrunner::runner	INFO	Running command: "/usr/bin/firefox" "--marionette" "--remote-debugging-port" "46177" "--remote-allow-hosts" "localhost" "-no-remote" "-profile" "/tmp/rust_mozprofilevte6ls"
[GFX1-]: glxtest: VA-API test failed: failed to initialise VAAPI connection.
ATTENTION: default value of option mesa_glthread overridden by environment.
ATTENTION: default value of option mesa_glthread overridden by environment.
ATTENTION: default value of option mesa_glthread overridden by environment.
ATTENTION: default value of option mesa_glthread overridden by environment.
1667806176663	Marionette	INFO	Marionette enabled
1667806176665	Marionette	INFO	Listening on port 46695
Read port: 46695
WebDriver BiDi listening on ws://127.0.0.1:46177
1667806176731	RemoteAgent	WARN	TLS certificate errors will be ignored for this session
console.warn: SearchSettings: "get: No settings file exists, new profile?" (new NotFoundError("Could not open the file at /tmp/rust_mozprofilevte6ls/search.json.mozlz4", (void 0)))
DevTools listening on ws://127.0.0.1:46177/devtools/browser/85f3b348-3568-4fba-bce9-d18f6e97fab6
JavaScript error: resource://gre/modules/URIFixup.jsm, line 307: NS_ERROR_FAILURE: Should pass a non-null uri
JavaScript warning: https://assets.adobedtm.com/a5ea4e8f4344/ad980dca528c/launch-d09242b2f3a2.min.js, line 6: WEBGL_debug_renderer_info is deprecated in Firefox and will be removed. Please use RENDERER.
JavaScript warning: https://pagead2.googlesyndication.com/bg/PTWQOrfCOp17EyrMcPeT6PfhP85_faJCCfTgkqMfTIQ.js line 2 > eval line 3311 > eval line 1 > eval line 1 > eval, line 1: WEBGL_debug_renderer_info is deprecated in Firefox and will be removed. Please use RENDERER.
1667806182974	Marionette	INFO	Stopped listening on port 46695
JavaScript error: resource://gre/modules/Sqlite.jsm, line 1108: Error: Sqlite.jsm has been shutdown. Cannot open connection to: /tmp/rust_mozprofilevte6ls/protections.sqlite
1667806183656	geckodriver	INFO	Listening on 127.0.0.1:41567
1667806184202	mozrunner::runner	INFO	Running command: "/usr/bin/firefox" "--marionette" "--remote-debugging-port" "41257" "--remote-allow-hosts" "localhost" "-no-remote" "-profile" "/tmp/rust_mozprofilecESn7P"
[GFX1-]: glxtest: VA-API test failed: failed to initialise VAAPI connection.
ATTENTION: default value of option mesa_glthread overridden by environment.
ATTENTION: default value of option mesa_glthread overridden by environment.
ATTENTION: default value of option mesa_glthread overridden by environment.
ATTENTION: default value of option mesa_glthread overridden by environment.
1667806184585	Marionette	INFO	Marionette enabled
1667806184587	Marionette	INFO	Listening on port 40441
Read port: 40441
WebDriver BiDi listening on ws://127.0.0.1:41257
1667806184651	RemoteAgent	WARN	TLS certificate errors will be ignored for this session
console.warn: SearchSettings: "get: No settings file exists, new profile?" (new NotFoundError("Could not open the file at /tmp/rust_mozprofilecESn7P/search.json.mozlz4", (void 0)))
DevTools listening on ws://127.0.0.1:41257/devtools/browser/d5c025aa-8721-496d-b44c-a83f7d3c20c8
JavaScript error: resource://gre/modules/URIFixup.jsm, line 307: NS_ERROR_FAILURE: Should pass a non-null uri
JavaScript warning: https://assets.adobedtm.com/a5ea4e8f4344/ad980dca528c/launch-d09242b2f3a2.min.js, line 6: WEBGL_debug_renderer_info is deprecated in Firefox and will be removed. Please use RENDERER.
1667806189728	Marionette	INFO	Stopped listening on port 40441
JavaScript error: resource://gre/modules/Sqlite.jsm, line 1108: Error: Sqlite.jsm has been shutdown. Cannot open connection to: /tmp/rust_mozprofilecESn7P/protections.sqlite
1667806190695	geckodriver	INFO	Listening on 127.0.0.1:38959
1667806191242	mozrunner::runner	INFO	Running command: "/usr/bin/firefox" "--marionette" "--remote-debugging-port" "45049" "--remote-allow-hosts" "localhost" "-no-remote" "-profile" "/tmp/rust_mozprofile97ncnm"
[GFX1-]: glxtest: VA-API test failed: failed to initialise VAAPI connection.
ATTENTION: default value of option mesa_glthread overridden by environment.
ATTENTION: default value of option mesa_glthread overridden by environment.
ATTENTION: default value of option mesa_glthread overridden by environment.
ATTENTION: default value of option mesa_glthread overridden by environment.
1667806191624	Marionette	INFO	Marionette enabled
1667806191626	Marionette	INFO	Listening on port 34531
Read port: 34531
WebDriver BiDi listening on ws://127.0.0.1:45049
1667806191691	RemoteAgent	WARN	TLS certificate errors will be ignored for this session
console.warn: SearchSettings: "get: No settings file exists, new profile?" (new NotFoundError("Could not open the file at /tmp/rust_mozprofile97ncnm/search.json.mozlz4", (void 0)))
DevTools listening on ws://127.0.0.1:45049/devtools/browser/975984a9-7e5f-45cf-a306-0a1af36bb844
JavaScript error: resource://gre/modules/URIFixup.jsm, line 307: NS_ERROR_FAILURE: Should pass a non-null uri
JavaScript warning: https://assets.adobedtm.com/a5ea4e8f4344/ad980dca528c/launch-d09242b2f3a2.min.js, line 6: WEBGL_debug_renderer_info is deprecated in Firefox and will be removed. Please use RENDERER.
JavaScript warning: https://pagead2.googlesyndication.com/bg/PTWQOrfCOp17EyrMcPeT6PfhP85_faJCCfTgkqMfTIQ.js line 2 > eval line 515 > eval line 1 > eval line 1 > eval, line 1: WEBGL_debug_renderer_info is deprecated in Firefox and will be removed. Please use RENDERER.
1667806203310	Marionette	INFO	Stopped listening on port 34531
